[0.010s] Invoking command in '/home/mart/dev/karelics_vesc/src/karelics_vesc_can_driver/build/karelics_vesc_can_driver': CMAKE_PREFIX_PATH=/opt/ros/foxy /usr/bin/cmake --build /home/mart/dev/karelics_vesc/src/karelics_vesc_can_driver/build/karelics_vesc_can_driver -- -j12 -l12
[0.028s] -- Found ament_cmake: 0.9.8 (/opt/ros/foxy/share/ament_cmake/cmake)
[0.044s] -- Found PythonInterp: /usr/bin/python3 (found suitable version "3.8.5", minimum required is "3") 
[0.044s] -- Using PYTHON_EXECUTABLE: /usr/bin/python3
[0.225s] -- Found rosidl_default_generators: 1.0.1 (/opt/ros/foxy/share/rosidl_default_generators/cmake)
[0.227s] -- Using all available rosidl_typesupport_c: rosidl_typesupport_fastrtps_c;rosidl_typesupport_introspection_c
[0.229s] -- Found rosidl_adapter: 1.2.1 (/opt/ros/foxy/share/rosidl_adapter/cmake)
[0.324s] -- Using all available rosidl_typesupport_cpp: rosidl_typesupport_fastrtps_cpp;rosidl_typesupport_introspection_cpp
[0.341s] -- Found std_msgs: 2.0.4 (/opt/ros/foxy/share/std_msgs/cmake)
[0.379s] -- Found PythonInterp: /usr/bin/python3 (found version "3.8.5") 
[0.460s] -- Found ament_cmake_ros: 0.9.1 (/opt/ros/foxy/share/ament_cmake_ros/cmake)
[0.526s] -- Using all available rosidl_typesupport_c: rosidl_typesupport_fastrtps_c;rosidl_typesupport_introspection_c
[0.531s] -- Using all available rosidl_typesupport_cpp: rosidl_typesupport_fastrtps_cpp;rosidl_typesupport_introspection_cpp
[0.548s] -- Found PythonInterp: /usr/bin/python3 (found suitable version "3.8.5", minimum required is "3.5") 
[0.548s] -- Found python_cmake_module: 0.8.1 (/opt/ros/foxy/share/python_cmake_module/cmake)
[0.565s] -- Using PYTHON_EXECUTABLE: /usr/bin/python3
[0.565s] -- Using PYTHON_INCLUDE_DIRS: /usr/include/python3.8
[0.565s] -- Using PYTHON_LIBRARIES: /usr/lib/x86_64-linux-gnu/libpython3.8.so
[0.573s] -- Found ament_lint_auto: 0.9.6 (/opt/ros/foxy/share/ament_lint_auto/cmake)
[0.580s] -- Added test 'copyright' to check source files copyright and LICENSE
[0.605s] -- Added test 'cppcheck' to perform static code analysis on C / C++ code
[0.606s] -- Configured cppcheck include dirs: $<BUILD_INTERFACE:/home/mart/dev/karelics_vesc/src/karelics_vesc_can_driver/build/karelics_vesc_can_driver/rosidl_generator_c>;/home/mart/dev/karelics_vesc/src/karelics_vesc_can_driver/build/karelics_vesc_can_driver/rosidl_generator_c;/home/mart/dev/karelics_vesc/src/karelics_vesc_can_driver/build/karelics_vesc_can_driver/rosidl_generator_cpp;/home/mart/dev/karelics_vesc/src/karelics_vesc_can_driver/build/karelics_vesc_can_driver/rosidl_typesupport_fastrtps_c;/home/mart/dev/karelics_vesc/src/karelics_vesc_can_driver/build/karelics_vesc_can_driver/rosidl_typesupport_fastrtps_cpp;$<BUILD_INTERFACE:/home/mart/dev/karelics_vesc/src/karelics_vesc_can_driver/build/karelics_vesc_can_driver/rosidl_typesupport_introspection_c>;$<BUILD_INTERFACE:/home/mart/dev/karelics_vesc/src/karelics_vesc_can_driver/build/karelics_vesc_can_driver/rosidl_typesupport_c>;$<BUILD_INTERFACE:/home/mart/dev/karelics_vesc/src/karelics_vesc_can_driver/build/karelics_vesc_can_driver/rosidl_generator_cpp>;/home/mart/dev/karelics_vesc/src/karelics_vesc_can_driver/build/karelics_vesc_can_driver/rosidl_generator_py
[0.606s] -- Configured cppcheck exclude dirs and/or files: 
[0.629s] -- Added test 'cpplint' to check C / C++ code against the Google style
[0.629s] -- Configured cpplint exclude dirs and/or files: 
[0.632s] -- Added test 'flake8' to check Python code syntax and style conventions
[0.638s] -- Added test 'lint_cmake' to check CMake code style
[0.641s] -- Added test 'pep257' to check Python code against some of the style conventions in PEP 257
[0.664s] -- Added test 'uncrustify' to check C / C++ code style
[0.665s] -- Configured uncrustify additional arguments: 
[0.668s] -- Added test 'xmllint' to check XML markup files
[0.670s] -- Configuring done
[0.690s] -- Generating done
[0.692s] -- Build files have been written to: /home/mart/dev/karelics_vesc/src/karelics_vesc_can_driver/build/karelics_vesc_can_driver
[0.715s] [  3%] Built target karelics_vesc_can_driver__cpp
[0.716s] [ 12%] Built target karelics_vesc_can_driver__rosidl_generator_c
[0.731s] [ 51%] Built target karelics_vesc_can_driver__rosidl_typesupport_introspection_cpp
[0.731s] [ 51%] Built target karelics_vesc_can_driver__rosidl_typesupport_introspection_c
[0.731s] [ 51%] Built target karelics_vesc_can_driver__rosidl_typesupport_cpp
[0.731s] [ 51%] Built target karelics_vesc_can_driver__rosidl_typesupport_c
[0.733s] [ 61%] Built target karelics_vesc_can_driver__rosidl_typesupport_fastrtps_cpp
[0.750s] [ 70%] Built target karelics_vesc_can_driver__rosidl_typesupport_fastrtps_c
[0.762s] [ 70%] Built target karelics_vesc_can_driver
[0.774s] [ 74%] Built target karelics_vesc_can_driver__py
[0.791s] [ 80%] Built target karelics_vesc_can_driver__python
[0.808s] [100%] Built target karelics_vesc_can_driver__rosidl_typesupport_c__pyext
[0.808s] [100%] Built target karelics_vesc_can_driver__rosidl_typesupport_introspection_c__pyext
[0.808s] [100%] Built target karelics_vesc_can_driver__rosidl_typesupport_fastrtps_c__pyext
[0.815s] Invoked command in '/home/mart/dev/karelics_vesc/src/karelics_vesc_can_driver/build/karelics_vesc_can_driver' returned '0': CMAKE_PREFIX_PATH=/opt/ros/foxy /usr/bin/cmake --build /home/mart/dev/karelics_vesc/src/karelics_vesc_can_driver/build/karelics_vesc_can_driver -- -j12 -l12
[0.850s] Invoking command in '/home/mart/dev/karelics_vesc/src/karelics_vesc_can_driver/build/karelics_vesc_can_driver': CMAKE_PREFIX_PATH=/opt/ros/foxy /usr/bin/cmake --install /home/mart/dev/karelics_vesc/src/karelics_vesc_can_driver/build/karelics_vesc_can_driver
[0.855s] -- Install configuration: ""
[0.855s] -- Up-to-date: /home/mart/dev/karelics_vesc/src/karelics_vesc_can_driver/install/karelics_vesc_can_driver/share/ament_index/resource_index/rosidl_interfaces/karelics_vesc_can_driver
[0.855s] -- Up-to-date: /home/mart/dev/karelics_vesc/src/karelics_vesc_can_driver/install/karelics_vesc_can_driver/include/karelics_vesc_can_driver
[0.856s] -- Up-to-date: /home/mart/dev/karelics_vesc/src/karelics_vesc_can_driver/install/karelics_vesc_can_driver/include/karelics_vesc_can_driver/msg
[0.856s] -- Up-to-date: /home/mart/dev/karelics_vesc/src/karelics_vesc_can_driver/install/karelics_vesc_can_driver/include/karelics_vesc_can_driver/msg/detail
[0.856s] -- Up-to-date: /home/mart/dev/karelics_vesc/src/karelics_vesc_can_driver/install/karelics_vesc_can_driver/include/karelics_vesc_can_driver/msg/detail/vesc_status__struct.h
[0.856s] -- Up-to-date: /home/mart/dev/karelics_vesc/src/karelics_vesc_can_driver/install/karelics_vesc_can_driver/include/karelics_vesc_can_driver/msg/detail/vesc_status__type_support.h
[0.856s] -- Up-to-date: /home/mart/dev/karelics_vesc/src/karelics_vesc_can_driver/install/karelics_vesc_can_driver/include/karelics_vesc_can_driver/msg/detail/vesc_status__functions.h
[0.856s] -- Up-to-date: /home/mart/dev/karelics_vesc/src/karelics_vesc_can_driver/install/karelics_vesc_can_driver/include/karelics_vesc_can_driver/msg/detail/vesc_status__functions.c
[0.856s] -- Up-to-date: /home/mart/dev/karelics_vesc/src/karelics_vesc_can_driver/install/karelics_vesc_can_driver/include/karelics_vesc_can_driver/msg/rosidl_generator_c__visibility_control.h
[0.856s] -- Up-to-date: /home/mart/dev/karelics_vesc/src/karelics_vesc_can_driver/install/karelics_vesc_can_driver/include/karelics_vesc_can_driver/msg/vesc_status.h
[0.856s] -- Up-to-date: /home/mart/dev/karelics_vesc/src/karelics_vesc_can_driver/install/karelics_vesc_can_driver/share/karelics_vesc_can_driver/environment/library_path.sh
[0.856s] -- Installing: /home/mart/dev/karelics_vesc/src/karelics_vesc_can_driver/install/karelics_vesc_can_driver/share/karelics_vesc_can_driver/environment/library_path.dsv
[0.856s] -- Up-to-date: /home/mart/dev/karelics_vesc/src/karelics_vesc_can_driver/install/karelics_vesc_can_driver/lib/libkarelics_vesc_can_driver__rosidl_generator_c.so
[0.856s] -- Up-to-date: /home/mart/dev/karelics_vesc/src/karelics_vesc_can_driver/install/karelics_vesc_can_driver/include/karelics_vesc_can_driver
[0.856s] -- Up-to-date: /home/mart/dev/karelics_vesc/src/karelics_vesc_can_driver/install/karelics_vesc_can_driver/include/karelics_vesc_can_driver/msg
[0.857s] -- Up-to-date: /home/mart/dev/karelics_vesc/src/karelics_vesc_can_driver/install/karelics_vesc_can_driver/include/karelics_vesc_can_driver/msg/detail
[0.857s] -- Up-to-date: /home/mart/dev/karelics_vesc/src/karelics_vesc_can_driver/install/karelics_vesc_can_driver/include/karelics_vesc_can_driver/msg/detail/vesc_status__rosidl_typesupport_fastrtps_c.h
[0.857s] -- Up-to-date: /home/mart/dev/karelics_vesc/src/karelics_vesc_can_driver/install/karelics_vesc_can_driver/include/karelics_vesc_can_driver/msg/rosidl_typesupport_fastrtps_c__visibility_control.h
[0.857s] -- Up-to-date: /home/mart/dev/karelics_vesc/src/karelics_vesc_can_driver/install/karelics_vesc_can_driver/lib/libkarelics_vesc_can_driver__rosidl_typesupport_fastrtps_c.so
[0.857s] -- Up-to-date: /home/mart/dev/karelics_vesc/src/karelics_vesc_can_driver/install/karelics_vesc_can_driver/include/karelics_vesc_can_driver
[0.857s] -- Up-to-date: /home/mart/dev/karelics_vesc/src/karelics_vesc_can_driver/install/karelics_vesc_can_driver/include/karelics_vesc_can_driver/msg
[0.857s] -- Up-to-date: /home/mart/dev/karelics_vesc/src/karelics_vesc_can_driver/install/karelics_vesc_can_driver/include/karelics_vesc_can_driver/msg/detail
[0.857s] -- Up-to-date: /home/mart/dev/karelics_vesc/src/karelics_vesc_can_driver/install/karelics_vesc_can_driver/include/karelics_vesc_can_driver/msg/detail/dds_fastrtps
[0.857s] -- Up-to-date: /home/mart/dev/karelics_vesc/src/karelics_vesc_can_driver/install/karelics_vesc_can_driver/include/karelics_vesc_can_driver/msg/detail/vesc_status__rosidl_typesupport_fastrtps_cpp.hpp
[0.857s] -- Up-to-date: /home/mart/dev/karelics_vesc/src/karelics_vesc_can_driver/install/karelics_vesc_can_driver/include/karelics_vesc_can_driver/msg/rosidl_typesupport_fastrtps_cpp__visibility_control.h
[0.857s] -- Up-to-date: /home/mart/dev/karelics_vesc/src/karelics_vesc_can_driver/install/karelics_vesc_can_driver/lib/libkarelics_vesc_can_driver__rosidl_typesupport_fastrtps_cpp.so
[0.857s] -- Up-to-date: /home/mart/dev/karelics_vesc/src/karelics_vesc_can_driver/install/karelics_vesc_can_driver/include/karelics_vesc_can_driver
[0.857s] -- Up-to-date: /home/mart/dev/karelics_vesc/src/karelics_vesc_can_driver/install/karelics_vesc_can_driver/include/karelics_vesc_can_driver/msg
[0.857s] -- Up-to-date: /home/mart/dev/karelics_vesc/src/karelics_vesc_can_driver/install/karelics_vesc_can_driver/include/karelics_vesc_can_driver/msg/detail
[0.857s] -- Up-to-date: /home/mart/dev/karelics_vesc/src/karelics_vesc_can_driver/install/karelics_vesc_can_driver/include/karelics_vesc_can_driver/msg/detail/vesc_status__type_support.c
[0.857s] -- Up-to-date: /home/mart/dev/karelics_vesc/src/karelics_vesc_can_driver/install/karelics_vesc_can_driver/include/karelics_vesc_can_driver/msg/detail/vesc_status__rosidl_typesupport_introspection_c.h
[0.858s] -- Up-to-date: /home/mart/dev/karelics_vesc/src/karelics_vesc_can_driver/install/karelics_vesc_can_driver/include/karelics_vesc_can_driver/msg/rosidl_typesupport_introspection_c__visibility_control.h
[0.858s] -- Up-to-date: /home/mart/dev/karelics_vesc/src/karelics_vesc_can_driver/install/karelics_vesc_can_driver/lib/libkarelics_vesc_can_driver__rosidl_typesupport_introspection_c.so
[0.858s] -- Up-to-date: /home/mart/dev/karelics_vesc/src/karelics_vesc_can_driver/install/karelics_vesc_can_driver/lib/libkarelics_vesc_can_driver__rosidl_typesupport_c.so
[0.858s] -- Up-to-date: /home/mart/dev/karelics_vesc/src/karelics_vesc_can_driver/install/karelics_vesc_can_driver/include/karelics_vesc_can_driver
[0.858s] -- Up-to-date: /home/mart/dev/karelics_vesc/src/karelics_vesc_can_driver/install/karelics_vesc_can_driver/include/karelics_vesc_can_driver/msg
[0.858s] -- Up-to-date: /home/mart/dev/karelics_vesc/src/karelics_vesc_can_driver/install/karelics_vesc_can_driver/include/karelics_vesc_can_driver/msg/detail
[0.858s] -- Up-to-date: /home/mart/dev/karelics_vesc/src/karelics_vesc_can_driver/install/karelics_vesc_can_driver/include/karelics_vesc_can_driver/msg/detail/vesc_status__builder.hpp
[0.858s] -- Up-to-date: /home/mart/dev/karelics_vesc/src/karelics_vesc_can_driver/install/karelics_vesc_can_driver/include/karelics_vesc_can_driver/msg/detail/vesc_status__struct.hpp
[0.858s] -- Up-to-date: /home/mart/dev/karelics_vesc/src/karelics_vesc_can_driver/install/karelics_vesc_can_driver/include/karelics_vesc_can_driver/msg/detail/vesc_status__traits.hpp
[0.858s] -- Up-to-date: /home/mart/dev/karelics_vesc/src/karelics_vesc_can_driver/install/karelics_vesc_can_driver/include/karelics_vesc_can_driver/msg/vesc_status.hpp
[0.858s] -- Up-to-date: /home/mart/dev/karelics_vesc/src/karelics_vesc_can_driver/install/karelics_vesc_can_driver/include/karelics_vesc_can_driver
[0.858s] -- Up-to-date: /home/mart/dev/karelics_vesc/src/karelics_vesc_can_driver/install/karelics_vesc_can_driver/include/karelics_vesc_can_driver/msg
[0.858s] -- Up-to-date: /home/mart/dev/karelics_vesc/src/karelics_vesc_can_driver/install/karelics_vesc_can_driver/include/karelics_vesc_can_driver/msg/detail
[0.858s] -- Up-to-date: /home/mart/dev/karelics_vesc/src/karelics_vesc_can_driver/install/karelics_vesc_can_driver/include/karelics_vesc_can_driver/msg/detail/vesc_status__type_support.cpp
[0.858s] -- Up-to-date: /home/mart/dev/karelics_vesc/src/karelics_vesc_can_driver/install/karelics_vesc_can_driver/include/karelics_vesc_can_driver/msg/detail/vesc_status__rosidl_typesupport_introspection_cpp.hpp
[0.858s] -- Up-to-date: /home/mart/dev/karelics_vesc/src/karelics_vesc_can_driver/install/karelics_vesc_can_driver/lib/libkarelics_vesc_can_driver__rosidl_typesupport_introspection_cpp.so
[0.858s] -- Up-to-date: /home/mart/dev/karelics_vesc/src/karelics_vesc_can_driver/install/karelics_vesc_can_driver/lib/libkarelics_vesc_can_driver__rosidl_typesupport_cpp.so
[0.859s] -- Up-to-date: /home/mart/dev/karelics_vesc/src/karelics_vesc_can_driver/install/karelics_vesc_can_driver/share/karelics_vesc_can_driver/environment/pythonpath.sh
[0.859s] -- Installing: /home/mart/dev/karelics_vesc/src/karelics_vesc_can_driver/install/karelics_vesc_can_driver/share/karelics_vesc_can_driver/environment/pythonpath.dsv
[0.859s] -- Installing: /home/mart/dev/karelics_vesc/src/karelics_vesc_can_driver/install/karelics_vesc_can_driver/lib/python3.8/site-packages/karelics_vesc_can_driver/__init__.py
[0.880s] Compiling '/home/mart/dev/karelics_vesc/src/karelics_vesc_can_driver/install/karelics_vesc_can_driver/lib/python3.8/site-packages/karelics_vesc_can_driver/__init__.py'...
[0.883s] -- Up-to-date: /home/mart/dev/karelics_vesc/src/karelics_vesc_can_driver/install/karelics_vesc_can_driver/lib/python3.8/site-packages/karelics_vesc_can_driver/msg
[0.884s] -- Up-to-date: /home/mart/dev/karelics_vesc/src/karelics_vesc_can_driver/install/karelics_vesc_can_driver/lib/python3.8/site-packages/karelics_vesc_can_driver/msg/_vesc_status_s.c
[0.884s] -- Up-to-date: /home/mart/dev/karelics_vesc/src/karelics_vesc_can_driver/install/karelics_vesc_can_driver/lib/python3.8/site-packages/karelics_vesc_can_driver/msg/__init__.py
[0.884s] -- Up-to-date: /home/mart/dev/karelics_vesc/src/karelics_vesc_can_driver/install/karelics_vesc_can_driver/lib/python3.8/site-packages/karelics_vesc_can_driver/msg/_vesc_status.py
[0.884s] -- Up-to-date: /home/mart/dev/karelics_vesc/src/karelics_vesc_can_driver/install/karelics_vesc_can_driver/lib/python3.8/site-packages/karelics_vesc_can_driver/karelics_vesc_can_driver_s__rosidl_typesupport_fastrtps_c.cpython-38-x86_64-linux-gnu.so
[0.884s] -- Up-to-date: /home/mart/dev/karelics_vesc/src/karelics_vesc_can_driver/install/karelics_vesc_can_driver/lib/python3.8/site-packages/karelics_vesc_can_driver/karelics_vesc_can_driver_s__rosidl_typesupport_introspection_c.cpython-38-x86_64-linux-gnu.so
[0.885s] -- Up-to-date: /home/mart/dev/karelics_vesc/src/karelics_vesc_can_driver/install/karelics_vesc_can_driver/lib/python3.8/site-packages/karelics_vesc_can_driver/karelics_vesc_can_driver_s__rosidl_typesupport_c.cpython-38-x86_64-linux-gnu.so
[0.885s] -- Up-to-date: /home/mart/dev/karelics_vesc/src/karelics_vesc_can_driver/install/karelics_vesc_can_driver/lib/libkarelics_vesc_can_driver__python.so
[0.885s] -- Up-to-date: /home/mart/dev/karelics_vesc/src/karelics_vesc_can_driver/install/karelics_vesc_can_driver/share/karelics_vesc_can_driver/msg/VescStatus.idl
[0.886s] -- Up-to-date: /home/mart/dev/karelics_vesc/src/karelics_vesc_can_driver/install/karelics_vesc_can_driver/share/karelics_vesc_can_driver/msg/VescStatus.msg
[0.886s] -- Up-to-date: /home/mart/dev/karelics_vesc/src/karelics_vesc_can_driver/install/karelics_vesc_can_driver/share/ament_index/resource_index/package_run_dependencies/karelics_vesc_can_driver
[0.886s] -- Up-to-date: /home/mart/dev/karelics_vesc/src/karelics_vesc_can_driver/install/karelics_vesc_can_driver/share/ament_index/resource_index/parent_prefix_path/karelics_vesc_can_driver
[0.886s] -- Up-to-date: /home/mart/dev/karelics_vesc/src/karelics_vesc_can_driver/install/karelics_vesc_can_driver/share/karelics_vesc_can_driver/environment/ament_prefix_path.sh
[0.886s] -- Installing: /home/mart/dev/karelics_vesc/src/karelics_vesc_can_driver/install/karelics_vesc_can_driver/share/karelics_vesc_can_driver/environment/ament_prefix_path.dsv
[0.886s] -- Up-to-date: /home/mart/dev/karelics_vesc/src/karelics_vesc_can_driver/install/karelics_vesc_can_driver/share/karelics_vesc_can_driver/environment/path.sh
[0.886s] -- Installing: /home/mart/dev/karelics_vesc/src/karelics_vesc_can_driver/install/karelics_vesc_can_driver/share/karelics_vesc_can_driver/environment/path.dsv
[0.886s] -- Up-to-date: /home/mart/dev/karelics_vesc/src/karelics_vesc_can_driver/install/karelics_vesc_can_driver/share/karelics_vesc_can_driver/local_setup.bash
[0.886s] -- Up-to-date: /home/mart/dev/karelics_vesc/src/karelics_vesc_can_driver/install/karelics_vesc_can_driver/share/karelics_vesc_can_driver/local_setup.sh
[0.887s] -- Up-to-date: /home/mart/dev/karelics_vesc/src/karelics_vesc_can_driver/install/karelics_vesc_can_driver/share/karelics_vesc_can_driver/local_setup.zsh
[0.887s] -- Installing: /home/mart/dev/karelics_vesc/src/karelics_vesc_can_driver/install/karelics_vesc_can_driver/share/karelics_vesc_can_driver/local_setup.dsv
[0.887s] -- Installing: /home/mart/dev/karelics_vesc/src/karelics_vesc_can_driver/install/karelics_vesc_can_driver/share/karelics_vesc_can_driver/package.dsv
[0.887s] -- Up-to-date: /home/mart/dev/karelics_vesc/src/karelics_vesc_can_driver/install/karelics_vesc_can_driver/share/ament_index/resource_index/packages/karelics_vesc_can_driver
[0.887s] -- Up-to-date: /home/mart/dev/karelics_vesc/src/karelics_vesc_can_driver/install/karelics_vesc_can_driver/share/karelics_vesc_can_driver/cmake/karelics_vesc_can_driver__rosidl_generator_cExport.cmake
[0.887s] -- Installing: /home/mart/dev/karelics_vesc/src/karelics_vesc_can_driver/install/karelics_vesc_can_driver/share/karelics_vesc_can_driver/cmake/karelics_vesc_can_driver__rosidl_generator_cExport-noconfig.cmake
[0.887s] -- Up-to-date: /home/mart/dev/karelics_vesc/src/karelics_vesc_can_driver/install/karelics_vesc_can_driver/share/karelics_vesc_can_driver/cmake/karelics_vesc_can_driver__rosidl_typesupport_introspection_cExport.cmake
[0.887s] -- Installing: /home/mart/dev/karelics_vesc/src/karelics_vesc_can_driver/install/karelics_vesc_can_driver/share/karelics_vesc_can_driver/cmake/karelics_vesc_can_driver__rosidl_typesupport_introspection_cExport-noconfig.cmake
[0.888s] -- Up-to-date: /home/mart/dev/karelics_vesc/src/karelics_vesc_can_driver/install/karelics_vesc_can_driver/share/karelics_vesc_can_driver/cmake/karelics_vesc_can_driver__rosidl_typesupport_cExport.cmake
[0.888s] -- Installing: /home/mart/dev/karelics_vesc/src/karelics_vesc_can_driver/install/karelics_vesc_can_driver/share/karelics_vesc_can_driver/cmake/karelics_vesc_can_driver__rosidl_typesupport_cExport-noconfig.cmake
[0.888s] -- Up-to-date: /home/mart/dev/karelics_vesc/src/karelics_vesc_can_driver/install/karelics_vesc_can_driver/share/karelics_vesc_can_driver/cmake/karelics_vesc_can_driver__rosidl_generator_cppExport.cmake
[0.888s] -- Up-to-date: /home/mart/dev/karelics_vesc/src/karelics_vesc_can_driver/install/karelics_vesc_can_driver/share/karelics_vesc_can_driver/cmake/karelics_vesc_can_driver__rosidl_typesupport_introspection_cppExport.cmake
[0.888s] -- Installing: /home/mart/dev/karelics_vesc/src/karelics_vesc_can_driver/install/karelics_vesc_can_driver/share/karelics_vesc_can_driver/cmake/karelics_vesc_can_driver__rosidl_typesupport_introspection_cppExport-noconfig.cmake
[0.888s] -- Up-to-date: /home/mart/dev/karelics_vesc/src/karelics_vesc_can_driver/install/karelics_vesc_can_driver/share/karelics_vesc_can_driver/cmake/karelics_vesc_can_driver__rosidl_typesupport_cppExport.cmake
[0.889s] -- Installing: /home/mart/dev/karelics_vesc/src/karelics_vesc_can_driver/install/karelics_vesc_can_driver/share/karelics_vesc_can_driver/cmake/karelics_vesc_can_driver__rosidl_typesupport_cppExport-noconfig.cmake
[0.889s] -- Up-to-date: /home/mart/dev/karelics_vesc/src/karelics_vesc_can_driver/install/karelics_vesc_can_driver/share/karelics_vesc_can_driver/cmake/rosidl_cmake-extras.cmake
[0.889s] -- Up-to-date: /home/mart/dev/karelics_vesc/src/karelics_vesc_can_driver/install/karelics_vesc_can_driver/share/karelics_vesc_can_driver/cmake/ament_cmake_export_dependencies-extras.cmake
[0.889s] -- Up-to-date: /home/mart/dev/karelics_vesc/src/karelics_vesc_can_driver/install/karelics_vesc_can_driver/share/karelics_vesc_can_driver/cmake/ament_cmake_export_libraries-extras.cmake
[0.889s] -- Up-to-date: /home/mart/dev/karelics_vesc/src/karelics_vesc_can_driver/install/karelics_vesc_can_driver/share/karelics_vesc_can_driver/cmake/ament_cmake_export_targets-extras.cmake
[0.889s] -- Up-to-date: /home/mart/dev/karelics_vesc/src/karelics_vesc_can_driver/install/karelics_vesc_can_driver/share/karelics_vesc_can_driver/cmake/ament_cmake_export_include_directories-extras.cmake
[0.889s] -- Up-to-date: /home/mart/dev/karelics_vesc/src/karelics_vesc_can_driver/install/karelics_vesc_can_driver/share/karelics_vesc_can_driver/cmake/rosidl_cmake_export_typesupport_libraries-extras.cmake
[0.889s] -- Up-to-date: /home/mart/dev/karelics_vesc/src/karelics_vesc_can_driver/install/karelics_vesc_can_driver/share/karelics_vesc_can_driver/cmake/rosidl_cmake_export_typesupport_targets-extras.cmake
[0.889s] -- Up-to-date: /home/mart/dev/karelics_vesc/src/karelics_vesc_can_driver/install/karelics_vesc_can_driver/share/karelics_vesc_can_driver/cmake/karelics_vesc_can_driverConfig.cmake
[0.889s] -- Up-to-date: /home/mart/dev/karelics_vesc/src/karelics_vesc_can_driver/install/karelics_vesc_can_driver/share/karelics_vesc_can_driver/cmake/karelics_vesc_can_driverConfig-version.cmake
[0.890s] -- Installing: /home/mart/dev/karelics_vesc/src/karelics_vesc_can_driver/install/karelics_vesc_can_driver/share/karelics_vesc_can_driver/package.xml
[0.891s] Invoked command in '/home/mart/dev/karelics_vesc/src/karelics_vesc_can_driver/build/karelics_vesc_can_driver' returned '0': CMAKE_PREFIX_PATH=/opt/ros/foxy /usr/bin/cmake --install /home/mart/dev/karelics_vesc/src/karelics_vesc_can_driver/build/karelics_vesc_can_driver
