-- Found ament_cmake: 0.9.8 (/opt/ros/foxy/share/ament_cmake/cmake)
-- Found PythonInterp: /usr/bin/python3 (found suitable version "3.8.5", minimum required is "3") 
-- Using PYTHON_EXECUTABLE: /usr/bin/python3
-- Found rosidl_default_generators: 1.0.1 (/opt/ros/foxy/share/rosidl_default_generators/cmake)
-- Using all available rosidl_typesupport_c: rosidl_typesupport_fastrtps_c;rosidl_typesupport_introspection_c
-- Found rosidl_adapter: 1.2.1 (/opt/ros/foxy/share/rosidl_adapter/cmake)
-- Using all available rosidl_typesupport_cpp: rosidl_typesupport_fastrtps_cpp;rosidl_typesupport_introspection_cpp
-- Found std_msgs: 2.0.4 (/opt/ros/foxy/share/std_msgs/cmake)
-- Found PythonInterp: /usr/bin/python3 (found version "3.8.5") 
-- Found ament_cmake_ros: 0.9.1 (/opt/ros/foxy/share/ament_cmake_ros/cmake)
-- Using all available rosidl_typesupport_c: rosidl_typesupport_fastrtps_c;rosidl_typesupport_introspection_c
-- Using all available rosidl_typesupport_cpp: rosidl_typesupport_fastrtps_cpp;rosidl_typesupport_introspection_cpp
-- Found PythonInterp: /usr/bin/python3 (found suitable version "3.8.5", minimum required is "3.5") 
-- Found python_cmake_module: 0.8.1 (/opt/ros/foxy/share/python_cmake_module/cmake)
-- Using PYTHON_EXECUTABLE: /usr/bin/python3
-- Using PYTHON_INCLUDE_DIRS: /usr/include/python3.8
-- Using PYTHON_LIBRARIES: /usr/lib/x86_64-linux-gnu/libpython3.8.so
-- Found ament_lint_auto: 0.9.6 (/opt/ros/foxy/share/ament_lint_auto/cmake)
-- Added test 'copyright' to check source files copyright and LICENSE
-- Added test 'cppcheck' to perform static code analysis on C / C++ code
-- Configured cppcheck include dirs: $<BUILD_INTERFACE:/home/mart/dev/karelics_vesc/src/karelics_vesc_can_driver/build/karelics_vesc_can_driver/rosidl_generator_c>;/home/mart/dev/karelics_vesc/src/karelics_vesc_can_driver/build/karelics_vesc_can_driver/rosidl_generator_c;/home/mart/dev/karelics_vesc/src/karelics_vesc_can_driver/build/karelics_vesc_can_driver/rosidl_generator_cpp;/home/mart/dev/karelics_vesc/src/karelics_vesc_can_driver/build/karelics_vesc_can_driver/rosidl_typesupport_fastrtps_c;/home/mart/dev/karelics_vesc/src/karelics_vesc_can_driver/build/karelics_vesc_can_driver/rosidl_typesupport_fastrtps_cpp;$<BUILD_INTERFACE:/home/mart/dev/karelics_vesc/src/karelics_vesc_can_driver/build/karelics_vesc_can_driver/rosidl_typesupport_introspection_c>;$<BUILD_INTERFACE:/home/mart/dev/karelics_vesc/src/karelics_vesc_can_driver/build/karelics_vesc_can_driver/rosidl_typesupport_c>;$<BUILD_INTERFACE:/home/mart/dev/karelics_vesc/src/karelics_vesc_can_driver/build/karelics_vesc_can_driver/rosidl_generator_cpp>;/home/mart/dev/karelics_vesc/src/karelics_vesc_can_driver/build/karelics_vesc_can_driver/rosidl_generator_py
-- Configured cppcheck exclude dirs and/or files: 
-- Added test 'cpplint' to check C / C++ code against the Google style
-- Configured cpplint exclude dirs and/or files: 
-- Added test 'flake8' to check Python code syntax and style conventions
-- Added test 'lint_cmake' to check CMake code style
-- Added test 'pep257' to check Python code against some of the style conventions in PEP 257
-- Added test 'uncrustify' to check C / C++ code style
-- Configured uncrustify additional arguments: 
-- Added test 'xmllint' to check XML markup files
-- Configuring done
-- Generating done
-- Build files have been written to: /home/mart/dev/karelics_vesc/src/karelics_vesc_can_driver/build/karelics_vesc_can_driver
[  3%] [34m[1mGenerating C code for ROS interfaces[0m
[  6%] [34m[1mGenerating C++ code for ROS interfaces[0m
[35m[1mScanning dependencies of target karelics_vesc_can_driver__rosidl_generator_c[0m
[  9%] [32mBuilding C object CMakeFiles/karelics_vesc_can_driver__rosidl_generator_c.dir/rosidl_generator_c/karelics_vesc_can_driver/msg/detail/vesc_status__functions.c.o[0m
[  9%] Built target karelics_vesc_can_driver__cpp
[ 19%] [34m[1mGenerating C++ introspection for ROS interfaces[0m
[ 19%] [34m[1mGenerating C++ type support for eProsima Fast-RTPS[0m
[ 19%] [34m[1mGenerating C++ type support dispatch for ROS interfaces[0m
[ 22%] [32m[1mLinking C shared library libkarelics_vesc_can_driver__rosidl_generator_c.so[0m
[ 22%] Built target karelics_vesc_can_driver__rosidl_generator_c
[ 29%] [34m[1mGenerating C type support dispatch for ROS interfaces[0m
[ 29%] [34m[1mGenerating C introspection for ROS interfaces[0m
[35m[1mScanning dependencies of target karelics_vesc_can_driver__rosidl_typesupport_cpp[0m
[ 32%] [32mBuilding CXX object CMakeFiles/karelics_vesc_can_driver__rosidl_typesupport_cpp.dir/rosidl_typesupport_cpp/karelics_vesc_can_driver/msg/vesc_status__type_support.cpp.o[0m
[35m[1mScanning dependencies of target karelics_vesc_can_driver__rosidl_typesupport_introspection_cpp[0m
[ 35%] [32mBuilding CXX object CMakeFiles/karelics_vesc_can_driver__rosidl_typesupport_introspection_cpp.dir/rosidl_typesupport_introspection_cpp/karelics_vesc_can_driver/msg/detail/vesc_status__type_support.cpp.o[0m
[35m[1mScanning dependencies of target karelics_vesc_can_driver__rosidl_typesupport_fastrtps_cpp[0m
[ 38%] [32mBuilding CXX object CMakeFiles/karelics_vesc_can_driver__rosidl_typesupport_fastrtps_cpp.dir/rosidl_typesupport_fastrtps_cpp/karelics_vesc_can_driver/msg/detail/dds_fastrtps/vesc_status__type_support.cpp.o[0m
[35m[1mScanning dependencies of target karelics_vesc_can_driver__rosidl_typesupport_c[0m
[ 41%] [32mBuilding CXX object CMakeFiles/karelics_vesc_can_driver__rosidl_typesupport_c.dir/rosidl_typesupport_c/karelics_vesc_can_driver/msg/vesc_status__type_support.cpp.o[0m
[35m[1mScanning dependencies of target karelics_vesc_can_driver__rosidl_typesupport_introspection_c[0m
[ 45%] [32mBuilding C object CMakeFiles/karelics_vesc_can_driver__rosidl_typesupport_introspection_c.dir/rosidl_typesupport_introspection_c/karelics_vesc_can_driver/msg/detail/vesc_status__type_support.c.o[0m
[ 48%] [32m[1mLinking CXX shared library libkarelics_vesc_can_driver__rosidl_typesupport_c.so[0m
[ 51%] [32m[1mLinking C shared library libkarelics_vesc_can_driver__rosidl_typesupport_introspection_c.so[0m
[ 51%] Built target karelics_vesc_can_driver__rosidl_typesupport_c
[ 51%] Built target karelics_vesc_can_driver__rosidl_typesupport_introspection_c
[ 54%] [32m[1mLinking CXX shared library libkarelics_vesc_can_driver__rosidl_typesupport_cpp.so[0m
[ 58%] [32m[1mLinking CXX shared library libkarelics_vesc_can_driver__rosidl_typesupport_introspection_cpp.so[0m
[ 58%] Built target karelics_vesc_can_driver__rosidl_typesupport_cpp
[ 58%] Built target karelics_vesc_can_driver__rosidl_typesupport_introspection_cpp
[ 61%] [32m[1mLinking CXX shared library libkarelics_vesc_can_driver__rosidl_typesupport_fastrtps_cpp.so[0m
[ 61%] Built target karelics_vesc_can_driver__rosidl_typesupport_fastrtps_cpp
[ 64%] [34m[1mGenerating C type support for eProsima Fast-RTPS[0m
[35m[1mScanning dependencies of target karelics_vesc_can_driver__rosidl_typesupport_fastrtps_c[0m
[ 67%] [32mBuilding CXX object CMakeFiles/karelics_vesc_can_driver__rosidl_typesupport_fastrtps_c.dir/rosidl_typesupport_fastrtps_c/karelics_vesc_can_driver/msg/detail/vesc_status__type_support_c.cpp.o[0m
[ 70%] [32m[1mLinking CXX shared library libkarelics_vesc_can_driver__rosidl_typesupport_fastrtps_c.so[0m
[ 70%] Built target karelics_vesc_can_driver__rosidl_typesupport_fastrtps_c
[35m[1mScanning dependencies of target karelics_vesc_can_driver[0m
[ 70%] Built target karelics_vesc_can_driver
[35m[1mScanning dependencies of target karelics_vesc_can_driver__py[0m
[ 74%] [34m[1mGenerating Python code for ROS interfaces[0m
[ 74%] Built target karelics_vesc_can_driver__py
[35m[1mScanning dependencies of target karelics_vesc_can_driver__python[0m
[ 77%] [32mBuilding C object CMakeFiles/karelics_vesc_can_driver__python.dir/rosidl_generator_py/karelics_vesc_can_driver/msg/_vesc_status_s.c.o[0m
[ 80%] [32m[1mLinking C shared library rosidl_generator_py/karelics_vesc_can_driver/libkarelics_vesc_can_driver__python.so[0m
[ 80%] Built target karelics_vesc_can_driver__python
[35m[1mScanning dependencies of target karelics_vesc_can_driver__rosidl_typesupport_introspection_c__pyext[0m
[35m[1mScanning dependencies of target karelics_vesc_can_driver__rosidl_typesupport_c__pyext[0m
[35m[1mScanning dependencies of target karelics_vesc_can_driver__rosidl_typesupport_fastrtps_c__pyext[0m
[ 90%] [32mBuilding C object CMakeFiles/karelics_vesc_can_driver__rosidl_typesupport_fastrtps_c__pyext.dir/rosidl_generator_py/karelics_vesc_can_driver/_karelics_vesc_can_driver_s.ep.rosidl_typesupport_fastrtps_c.c.o[0m
[ 90%] [32mBuilding C object CMakeFiles/karelics_vesc_can_driver__rosidl_typesupport_introspection_c__pyext.dir/rosidl_generator_py/karelics_vesc_can_driver/_karelics_vesc_can_driver_s.ep.rosidl_typesupport_introspection_c.c.o[0m
[ 90%] [32mBuilding C object CMakeFiles/karelics_vesc_can_driver__rosidl_typesupport_c__pyext.dir/rosidl_generator_py/karelics_vesc_can_driver/_karelics_vesc_can_driver_s.ep.rosidl_typesupport_c.c.o[0m
[ 93%] [32m[1mLinking C shared library rosidl_generator_py/karelics_vesc_can_driver/karelics_vesc_can_driver_s__rosidl_typesupport_introspection_c.cpython-38-x86_64-linux-gnu.so[0m
[ 96%] [32m[1mLinking C shared library rosidl_generator_py/karelics_vesc_can_driver/karelics_vesc_can_driver_s__rosidl_typesupport_c.cpython-38-x86_64-linux-gnu.so[0m
[100%] [32m[1mLinking CXX shared library rosidl_generator_py/karelics_vesc_can_driver/karelics_vesc_can_driver_s__rosidl_typesupport_fastrtps_c.cpython-38-x86_64-linux-gnu.so[0m
[100%] Built target karelics_vesc_can_driver__rosidl_typesupport_introspection_c__pyext
[100%] Built target karelics_vesc_can_driver__rosidl_typesupport_c__pyext
[100%] Built target karelics_vesc_can_driver__rosidl_typesupport_fastrtps_c__pyext
-- Install configuration: ""
-- Installing: /home/mart/dev/karelics_vesc/src/karelics_vesc_can_driver/install/karelics_vesc_can_driver/share/ament_index/resource_index/rosidl_interfaces/karelics_vesc_can_driver
-- Installing: /home/mart/dev/karelics_vesc/src/karelics_vesc_can_driver/install/karelics_vesc_can_driver/include/karelics_vesc_can_driver
-- Installing: /home/mart/dev/karelics_vesc/src/karelics_vesc_can_driver/install/karelics_vesc_can_driver/include/karelics_vesc_can_driver/msg
-- Installing: /home/mart/dev/karelics_vesc/src/karelics_vesc_can_driver/install/karelics_vesc_can_driver/include/karelics_vesc_can_driver/msg/detail
-- Installing: /home/mart/dev/karelics_vesc/src/karelics_vesc_can_driver/install/karelics_vesc_can_driver/include/karelics_vesc_can_driver/msg/detail/vesc_status__struct.h
-- Installing: /home/mart/dev/karelics_vesc/src/karelics_vesc_can_driver/install/karelics_vesc_can_driver/include/karelics_vesc_can_driver/msg/detail/vesc_status__type_support.h
-- Installing: /home/mart/dev/karelics_vesc/src/karelics_vesc_can_driver/install/karelics_vesc_can_driver/include/karelics_vesc_can_driver/msg/detail/vesc_status__functions.h
-- Installing: /home/mart/dev/karelics_vesc/src/karelics_vesc_can_driver/install/karelics_vesc_can_driver/include/karelics_vesc_can_driver/msg/detail/vesc_status__functions.c
-- Installing: /home/mart/dev/karelics_vesc/src/karelics_vesc_can_driver/install/karelics_vesc_can_driver/include/karelics_vesc_can_driver/msg/rosidl_generator_c__visibility_control.h
-- Installing: /home/mart/dev/karelics_vesc/src/karelics_vesc_can_driver/install/karelics_vesc_can_driver/include/karelics_vesc_can_driver/msg/vesc_status.h
-- Installing: /home/mart/dev/karelics_vesc/src/karelics_vesc_can_driver/install/karelics_vesc_can_driver/share/karelics_vesc_can_driver/environment/library_path.sh
-- Installing: /home/mart/dev/karelics_vesc/src/karelics_vesc_can_driver/install/karelics_vesc_can_driver/share/karelics_vesc_can_driver/environment/library_path.dsv
-- Installing: /home/mart/dev/karelics_vesc/src/karelics_vesc_can_driver/install/karelics_vesc_can_driver/lib/libkarelics_vesc_can_driver__rosidl_generator_c.so
-- Set runtime path of "/home/mart/dev/karelics_vesc/src/karelics_vesc_can_driver/install/karelics_vesc_can_driver/lib/libkarelics_vesc_can_driver__rosidl_generator_c.so" to ""
-- Up-to-date: /home/mart/dev/karelics_vesc/src/karelics_vesc_can_driver/install/karelics_vesc_can_driver/include/karelics_vesc_can_driver
-- Up-to-date: /home/mart/dev/karelics_vesc/src/karelics_vesc_can_driver/install/karelics_vesc_can_driver/include/karelics_vesc_can_driver/msg
-- Up-to-date: /home/mart/dev/karelics_vesc/src/karelics_vesc_can_driver/install/karelics_vesc_can_driver/include/karelics_vesc_can_driver/msg/detail
-- Installing: /home/mart/dev/karelics_vesc/src/karelics_vesc_can_driver/install/karelics_vesc_can_driver/include/karelics_vesc_can_driver/msg/detail/vesc_status__rosidl_typesupport_fastrtps_c.h
-- Installing: /home/mart/dev/karelics_vesc/src/karelics_vesc_can_driver/install/karelics_vesc_can_driver/include/karelics_vesc_can_driver/msg/rosidl_typesupport_fastrtps_c__visibility_control.h
-- Installing: /home/mart/dev/karelics_vesc/src/karelics_vesc_can_driver/install/karelics_vesc_can_driver/lib/libkarelics_vesc_can_driver__rosidl_typesupport_fastrtps_c.so
-- Set runtime path of "/home/mart/dev/karelics_vesc/src/karelics_vesc_can_driver/install/karelics_vesc_can_driver/lib/libkarelics_vesc_can_driver__rosidl_typesupport_fastrtps_c.so" to ""
-- Up-to-date: /home/mart/dev/karelics_vesc/src/karelics_vesc_can_driver/install/karelics_vesc_can_driver/include/karelics_vesc_can_driver
-- Up-to-date: /home/mart/dev/karelics_vesc/src/karelics_vesc_can_driver/install/karelics_vesc_can_driver/include/karelics_vesc_can_driver/msg
-- Up-to-date: /home/mart/dev/karelics_vesc/src/karelics_vesc_can_driver/install/karelics_vesc_can_driver/include/karelics_vesc_can_driver/msg/detail
-- Installing: /home/mart/dev/karelics_vesc/src/karelics_vesc_can_driver/install/karelics_vesc_can_driver/include/karelics_vesc_can_driver/msg/detail/dds_fastrtps
-- Installing: /home/mart/dev/karelics_vesc/src/karelics_vesc_can_driver/install/karelics_vesc_can_driver/include/karelics_vesc_can_driver/msg/detail/vesc_status__rosidl_typesupport_fastrtps_cpp.hpp
-- Installing: /home/mart/dev/karelics_vesc/src/karelics_vesc_can_driver/install/karelics_vesc_can_driver/include/karelics_vesc_can_driver/msg/rosidl_typesupport_fastrtps_cpp__visibility_control.h
-- Installing: /home/mart/dev/karelics_vesc/src/karelics_vesc_can_driver/install/karelics_vesc_can_driver/lib/libkarelics_vesc_can_driver__rosidl_typesupport_fastrtps_cpp.so
-- Set runtime path of "/home/mart/dev/karelics_vesc/src/karelics_vesc_can_driver/install/karelics_vesc_can_driver/lib/libkarelics_vesc_can_driver__rosidl_typesupport_fastrtps_cpp.so" to ""
-- Up-to-date: /home/mart/dev/karelics_vesc/src/karelics_vesc_can_driver/install/karelics_vesc_can_driver/include/karelics_vesc_can_driver
-- Up-to-date: /home/mart/dev/karelics_vesc/src/karelics_vesc_can_driver/install/karelics_vesc_can_driver/include/karelics_vesc_can_driver/msg
-- Up-to-date: /home/mart/dev/karelics_vesc/src/karelics_vesc_can_driver/install/karelics_vesc_can_driver/include/karelics_vesc_can_driver/msg/detail
-- Installing: /home/mart/dev/karelics_vesc/src/karelics_vesc_can_driver/install/karelics_vesc_can_driver/include/karelics_vesc_can_driver/msg/detail/vesc_status__type_support.c
-- Installing: /home/mart/dev/karelics_vesc/src/karelics_vesc_can_driver/install/karelics_vesc_can_driver/include/karelics_vesc_can_driver/msg/detail/vesc_status__rosidl_typesupport_introspection_c.h
-- Installing: /home/mart/dev/karelics_vesc/src/karelics_vesc_can_driver/install/karelics_vesc_can_driver/include/karelics_vesc_can_driver/msg/rosidl_typesupport_introspection_c__visibility_control.h
-- Installing: /home/mart/dev/karelics_vesc/src/karelics_vesc_can_driver/install/karelics_vesc_can_driver/lib/libkarelics_vesc_can_driver__rosidl_typesupport_introspection_c.so
-- Set runtime path of "/home/mart/dev/karelics_vesc/src/karelics_vesc_can_driver/install/karelics_vesc_can_driver/lib/libkarelics_vesc_can_driver__rosidl_typesupport_introspection_c.so" to ""
-- Installing: /home/mart/dev/karelics_vesc/src/karelics_vesc_can_driver/install/karelics_vesc_can_driver/lib/libkarelics_vesc_can_driver__rosidl_typesupport_c.so
-- Set runtime path of "/home/mart/dev/karelics_vesc/src/karelics_vesc_can_driver/install/karelics_vesc_can_driver/lib/libkarelics_vesc_can_driver__rosidl_typesupport_c.so" to ""
-- Up-to-date: /home/mart/dev/karelics_vesc/src/karelics_vesc_can_driver/install/karelics_vesc_can_driver/include/karelics_vesc_can_driver
-- Up-to-date: /home/mart/dev/karelics_vesc/src/karelics_vesc_can_driver/install/karelics_vesc_can_driver/include/karelics_vesc_can_driver/msg
-- Up-to-date: /home/mart/dev/karelics_vesc/src/karelics_vesc_can_driver/install/karelics_vesc_can_driver/include/karelics_vesc_can_driver/msg/detail
-- Installing: /home/mart/dev/karelics_vesc/src/karelics_vesc_can_driver/install/karelics_vesc_can_driver/include/karelics_vesc_can_driver/msg/detail/vesc_status__builder.hpp
-- Installing: /home/mart/dev/karelics_vesc/src/karelics_vesc_can_driver/install/karelics_vesc_can_driver/include/karelics_vesc_can_driver/msg/detail/vesc_status__struct.hpp
-- Installing: /home/mart/dev/karelics_vesc/src/karelics_vesc_can_driver/install/karelics_vesc_can_driver/include/karelics_vesc_can_driver/msg/detail/vesc_status__traits.hpp
-- Installing: /home/mart/dev/karelics_vesc/src/karelics_vesc_can_driver/install/karelics_vesc_can_driver/include/karelics_vesc_can_driver/msg/vesc_status.hpp
-- Up-to-date: /home/mart/dev/karelics_vesc/src/karelics_vesc_can_driver/install/karelics_vesc_can_driver/include/karelics_vesc_can_driver
-- Up-to-date: /home/mart/dev/karelics_vesc/src/karelics_vesc_can_driver/install/karelics_vesc_can_driver/include/karelics_vesc_can_driver/msg
-- Up-to-date: /home/mart/dev/karelics_vesc/src/karelics_vesc_can_driver/install/karelics_vesc_can_driver/include/karelics_vesc_can_driver/msg/detail
-- Installing: /home/mart/dev/karelics_vesc/src/karelics_vesc_can_driver/install/karelics_vesc_can_driver/include/karelics_vesc_can_driver/msg/detail/vesc_status__type_support.cpp
-- Installing: /home/mart/dev/karelics_vesc/src/karelics_vesc_can_driver/install/karelics_vesc_can_driver/include/karelics_vesc_can_driver/msg/detail/vesc_status__rosidl_typesupport_introspection_cpp.hpp
-- Installing: /home/mart/dev/karelics_vesc/src/karelics_vesc_can_driver/install/karelics_vesc_can_driver/lib/libkarelics_vesc_can_driver__rosidl_typesupport_introspection_cpp.so
-- Set runtime path of "/home/mart/dev/karelics_vesc/src/karelics_vesc_can_driver/install/karelics_vesc_can_driver/lib/libkarelics_vesc_can_driver__rosidl_typesupport_introspection_cpp.so" to ""
-- Installing: /home/mart/dev/karelics_vesc/src/karelics_vesc_can_driver/install/karelics_vesc_can_driver/lib/libkarelics_vesc_can_driver__rosidl_typesupport_cpp.so
-- Set runtime path of "/home/mart/dev/karelics_vesc/src/karelics_vesc_can_driver/install/karelics_vesc_can_driver/lib/libkarelics_vesc_can_driver__rosidl_typesupport_cpp.so" to ""
-- Installing: /home/mart/dev/karelics_vesc/src/karelics_vesc_can_driver/install/karelics_vesc_can_driver/share/karelics_vesc_can_driver/environment/pythonpath.sh
-- Installing: /home/mart/dev/karelics_vesc/src/karelics_vesc_can_driver/install/karelics_vesc_can_driver/share/karelics_vesc_can_driver/environment/pythonpath.dsv
-- Installing: /home/mart/dev/karelics_vesc/src/karelics_vesc_can_driver/install/karelics_vesc_can_driver/lib/python3.8/site-packages/karelics_vesc_can_driver/__init__.py
Compiling '/home/mart/dev/karelics_vesc/src/karelics_vesc_can_driver/install/karelics_vesc_can_driver/lib/python3.8/site-packages/karelics_vesc_can_driver/__init__.py'...
-- Installing: /home/mart/dev/karelics_vesc/src/karelics_vesc_can_driver/install/karelics_vesc_can_driver/lib/python3.8/site-packages/karelics_vesc_can_driver/msg
-- Installing: /home/mart/dev/karelics_vesc/src/karelics_vesc_can_driver/install/karelics_vesc_can_driver/lib/python3.8/site-packages/karelics_vesc_can_driver/msg/_vesc_status_s.c
-- Installing: /home/mart/dev/karelics_vesc/src/karelics_vesc_can_driver/install/karelics_vesc_can_driver/lib/python3.8/site-packages/karelics_vesc_can_driver/msg/__init__.py
-- Installing: /home/mart/dev/karelics_vesc/src/karelics_vesc_can_driver/install/karelics_vesc_can_driver/lib/python3.8/site-packages/karelics_vesc_can_driver/msg/_vesc_status.py
-- Installing: /home/mart/dev/karelics_vesc/src/karelics_vesc_can_driver/install/karelics_vesc_can_driver/lib/python3.8/site-packages/karelics_vesc_can_driver/karelics_vesc_can_driver_s__rosidl_typesupport_fastrtps_c.cpython-38-x86_64-linux-gnu.so
-- Set runtime path of "/home/mart/dev/karelics_vesc/src/karelics_vesc_can_driver/install/karelics_vesc_can_driver/lib/python3.8/site-packages/karelics_vesc_can_driver/karelics_vesc_can_driver_s__rosidl_typesupport_fastrtps_c.cpython-38-x86_64-linux-gnu.so" to ""
-- Installing: /home/mart/dev/karelics_vesc/src/karelics_vesc_can_driver/install/karelics_vesc_can_driver/lib/python3.8/site-packages/karelics_vesc_can_driver/karelics_vesc_can_driver_s__rosidl_typesupport_introspection_c.cpython-38-x86_64-linux-gnu.so
-- Set runtime path of "/home/mart/dev/karelics_vesc/src/karelics_vesc_can_driver/install/karelics_vesc_can_driver/lib/python3.8/site-packages/karelics_vesc_can_driver/karelics_vesc_can_driver_s__rosidl_typesupport_introspection_c.cpython-38-x86_64-linux-gnu.so" to ""
-- Installing: /home/mart/dev/karelics_vesc/src/karelics_vesc_can_driver/install/karelics_vesc_can_driver/lib/python3.8/site-packages/karelics_vesc_can_driver/karelics_vesc_can_driver_s__rosidl_typesupport_c.cpython-38-x86_64-linux-gnu.so
-- Set runtime path of "/home/mart/dev/karelics_vesc/src/karelics_vesc_can_driver/install/karelics_vesc_can_driver/lib/python3.8/site-packages/karelics_vesc_can_driver/karelics_vesc_can_driver_s__rosidl_typesupport_c.cpython-38-x86_64-linux-gnu.so" to ""
-- Installing: /home/mart/dev/karelics_vesc/src/karelics_vesc_can_driver/install/karelics_vesc_can_driver/lib/libkarelics_vesc_can_driver__python.so
-- Set runtime path of "/home/mart/dev/karelics_vesc/src/karelics_vesc_can_driver/install/karelics_vesc_can_driver/lib/libkarelics_vesc_can_driver__python.so" to ""
-- Installing: /home/mart/dev/karelics_vesc/src/karelics_vesc_can_driver/install/karelics_vesc_can_driver/share/karelics_vesc_can_driver/msg/VescStatus.idl
-- Installing: /home/mart/dev/karelics_vesc/src/karelics_vesc_can_driver/install/karelics_vesc_can_driver/share/karelics_vesc_can_driver/msg/VescStatus.msg
-- Installing: /home/mart/dev/karelics_vesc/src/karelics_vesc_can_driver/install/karelics_vesc_can_driver/share/ament_index/resource_index/package_run_dependencies/karelics_vesc_can_driver
-- Up-to-date: /home/mart/dev/karelics_vesc/src/karelics_vesc_can_driver/install/karelics_vesc_can_driver/share/ament_index/resource_index/parent_prefix_path/karelics_vesc_can_driver
-- Up-to-date: /home/mart/dev/karelics_vesc/src/karelics_vesc_can_driver/install/karelics_vesc_can_driver/share/karelics_vesc_can_driver/environment/ament_prefix_path.sh
-- Installing: /home/mart/dev/karelics_vesc/src/karelics_vesc_can_driver/install/karelics_vesc_can_driver/share/karelics_vesc_can_driver/environment/ament_prefix_path.dsv
-- Up-to-date: /home/mart/dev/karelics_vesc/src/karelics_vesc_can_driver/install/karelics_vesc_can_driver/share/karelics_vesc_can_driver/environment/path.sh
-- Installing: /home/mart/dev/karelics_vesc/src/karelics_vesc_can_driver/install/karelics_vesc_can_driver/share/karelics_vesc_can_driver/environment/path.dsv
-- Up-to-date: /home/mart/dev/karelics_vesc/src/karelics_vesc_can_driver/install/karelics_vesc_can_driver/share/karelics_vesc_can_driver/local_setup.bash
-- Installing: /home/mart/dev/karelics_vesc/src/karelics_vesc_can_driver/install/karelics_vesc_can_driver/share/karelics_vesc_can_driver/local_setup.sh
-- Up-to-date: /home/mart/dev/karelics_vesc/src/karelics_vesc_can_driver/install/karelics_vesc_can_driver/share/karelics_vesc_can_driver/local_setup.zsh
-- Installing: /home/mart/dev/karelics_vesc/src/karelics_vesc_can_driver/install/karelics_vesc_can_driver/share/karelics_vesc_can_driver/local_setup.dsv
-- Installing: /home/mart/dev/karelics_vesc/src/karelics_vesc_can_driver/install/karelics_vesc_can_driver/share/karelics_vesc_can_driver/package.dsv
-- Up-to-date: /home/mart/dev/karelics_vesc/src/karelics_vesc_can_driver/install/karelics_vesc_can_driver/share/ament_index/resource_index/packages/karelics_vesc_can_driver
-- Installing: /home/mart/dev/karelics_vesc/src/karelics_vesc_can_driver/install/karelics_vesc_can_driver/share/karelics_vesc_can_driver/cmake/karelics_vesc_can_driver__rosidl_generator_cExport.cmake
-- Installing: /home/mart/dev/karelics_vesc/src/karelics_vesc_can_driver/install/karelics_vesc_can_driver/share/karelics_vesc_can_driver/cmake/karelics_vesc_can_driver__rosidl_generator_cExport-noconfig.cmake
-- Installing: /home/mart/dev/karelics_vesc/src/karelics_vesc_can_driver/install/karelics_vesc_can_driver/share/karelics_vesc_can_driver/cmake/karelics_vesc_can_driver__rosidl_typesupport_introspection_cExport.cmake
-- Installing: /home/mart/dev/karelics_vesc/src/karelics_vesc_can_driver/install/karelics_vesc_can_driver/share/karelics_vesc_can_driver/cmake/karelics_vesc_can_driver__rosidl_typesupport_introspection_cExport-noconfig.cmake
-- Installing: /home/mart/dev/karelics_vesc/src/karelics_vesc_can_driver/install/karelics_vesc_can_driver/share/karelics_vesc_can_driver/cmake/karelics_vesc_can_driver__rosidl_typesupport_cExport.cmake
-- Installing: /home/mart/dev/karelics_vesc/src/karelics_vesc_can_driver/install/karelics_vesc_can_driver/share/karelics_vesc_can_driver/cmake/karelics_vesc_can_driver__rosidl_typesupport_cExport-noconfig.cmake
-- Installing: /home/mart/dev/karelics_vesc/src/karelics_vesc_can_driver/install/karelics_vesc_can_driver/share/karelics_vesc_can_driver/cmake/karelics_vesc_can_driver__rosidl_generator_cppExport.cmake
-- Installing: /home/mart/dev/karelics_vesc/src/karelics_vesc_can_driver/install/karelics_vesc_can_driver/share/karelics_vesc_can_driver/cmake/karelics_vesc_can_driver__rosidl_typesupport_introspection_cppExport.cmake
-- Installing: /home/mart/dev/karelics_vesc/src/karelics_vesc_can_driver/install/karelics_vesc_can_driver/share/karelics_vesc_can_driver/cmake/karelics_vesc_can_driver__rosidl_typesupport_introspection_cppExport-noconfig.cmake
-- Installing: /home/mart/dev/karelics_vesc/src/karelics_vesc_can_driver/install/karelics_vesc_can_driver/share/karelics_vesc_can_driver/cmake/karelics_vesc_can_driver__rosidl_typesupport_cppExport.cmake
-- Installing: /home/mart/dev/karelics_vesc/src/karelics_vesc_can_driver/install/karelics_vesc_can_driver/share/karelics_vesc_can_driver/cmake/karelics_vesc_can_driver__rosidl_typesupport_cppExport-noconfig.cmake
-- Installing: /home/mart/dev/karelics_vesc/src/karelics_vesc_can_driver/install/karelics_vesc_can_driver/share/karelics_vesc_can_driver/cmake/rosidl_cmake-extras.cmake
-- Installing: /home/mart/dev/karelics_vesc/src/karelics_vesc_can_driver/install/karelics_vesc_can_driver/share/karelics_vesc_can_driver/cmake/ament_cmake_export_dependencies-extras.cmake
-- Installing: /home/mart/dev/karelics_vesc/src/karelics_vesc_can_driver/install/karelics_vesc_can_driver/share/karelics_vesc_can_driver/cmake/ament_cmake_export_libraries-extras.cmake
-- Installing: /home/mart/dev/karelics_vesc/src/karelics_vesc_can_driver/install/karelics_vesc_can_driver/share/karelics_vesc_can_driver/cmake/ament_cmake_export_targets-extras.cmake
-- Installing: /home/mart/dev/karelics_vesc/src/karelics_vesc_can_driver/install/karelics_vesc_can_driver/share/karelics_vesc_can_driver/cmake/ament_cmake_export_include_directories-extras.cmake
-- Installing: /home/mart/dev/karelics_vesc/src/karelics_vesc_can_driver/install/karelics_vesc_can_driver/share/karelics_vesc_can_driver/cmake/rosidl_cmake_export_typesupport_libraries-extras.cmake
-- Installing: /home/mart/dev/karelics_vesc/src/karelics_vesc_can_driver/install/karelics_vesc_can_driver/share/karelics_vesc_can_driver/cmake/rosidl_cmake_export_typesupport_targets-extras.cmake
-- Installing: /home/mart/dev/karelics_vesc/src/karelics_vesc_can_driver/install/karelics_vesc_can_driver/share/karelics_vesc_can_driver/cmake/karelics_vesc_can_driverConfig.cmake
-- Up-to-date: /home/mart/dev/karelics_vesc/src/karelics_vesc_can_driver/install/karelics_vesc_can_driver/share/karelics_vesc_can_driver/cmake/karelics_vesc_can_driverConfig-version.cmake
-- Installing: /home/mart/dev/karelics_vesc/src/karelics_vesc_can_driver/install/karelics_vesc_can_driver/share/karelics_vesc_can_driver/package.xml
