[0.009s] Invoking command in '/home/mart/dev/karelics_vesc/src/karelics_vesc_can_driver/build/karelics_vesc_can_driver': CMAKE_PREFIX_PATH=/opt/ros/foxy /usr/bin/cmake --build /home/mart/dev/karelics_vesc/src/karelics_vesc_can_driver/build/karelics_vesc_can_driver -- -j12 -l12
[0.028s] -- Found ament_cmake: 0.9.8 (/opt/ros/foxy/share/ament_cmake/cmake)
[0.044s] -- Found PythonInterp: /usr/bin/python3 (found suitable version "3.8.5", minimum required is "3") 
[0.044s] -- Using PYTHON_EXECUTABLE: /usr/bin/python3
[0.214s] -- Found rosidl_default_generators: 1.0.1 (/opt/ros/foxy/share/rosidl_default_generators/cmake)
[0.215s] -- Using all available rosidl_typesupport_c: rosidl_typesupport_fastrtps_c;rosidl_typesupport_introspection_c
[0.217s] -- Found rosidl_adapter: 1.2.1 (/opt/ros/foxy/share/rosidl_adapter/cmake)
[0.315s] -- Using all available rosidl_typesupport_cpp: rosidl_typesupport_fastrtps_cpp;rosidl_typesupport_introspection_cpp
[0.332s] -- Found std_msgs: 2.0.4 (/opt/ros/foxy/share/std_msgs/cmake)
[0.370s] -- Found PythonInterp: /usr/bin/python3 (found version "3.8.5") 
[0.452s] -- Found ament_cmake_ros: 0.9.1 (/opt/ros/foxy/share/ament_cmake_ros/cmake)
[0.519s] -- Using all available rosidl_typesupport_c: rosidl_typesupport_fastrtps_c;rosidl_typesupport_introspection_c
[0.523s] -- Using all available rosidl_typesupport_cpp: rosidl_typesupport_fastrtps_cpp;rosidl_typesupport_introspection_cpp
[0.540s] -- Found PythonInterp: /usr/bin/python3 (found suitable version "3.8.5", minimum required is "3.5") 
[0.540s] -- Found python_cmake_module: 0.8.1 (/opt/ros/foxy/share/python_cmake_module/cmake)
[0.557s] -- Using PYTHON_EXECUTABLE: /usr/bin/python3
[0.557s] -- Using PYTHON_INCLUDE_DIRS: /usr/include/python3.8
[0.557s] -- Using PYTHON_LIBRARIES: /usr/lib/x86_64-linux-gnu/libpython3.8.so
[0.566s] -- Found ament_lint_auto: 0.9.6 (/opt/ros/foxy/share/ament_lint_auto/cmake)
[0.573s] -- Added test 'copyright' to check source files copyright and LICENSE
[0.589s] -- Added test 'cppcheck' to perform static code analysis on C / C++ code
[0.591s] -- Configured cppcheck include dirs: $<BUILD_INTERFACE:/home/mart/dev/karelics_vesc/src/karelics_vesc_can_driver/build/karelics_vesc_can_driver/rosidl_generator_c>;/home/mart/dev/karelics_vesc/src/karelics_vesc_can_driver/build/karelics_vesc_can_driver/rosidl_generator_c;/home/mart/dev/karelics_vesc/src/karelics_vesc_can_driver/build/karelics_vesc_can_driver/rosidl_generator_cpp;/home/mart/dev/karelics_vesc/src/karelics_vesc_can_driver/build/karelics_vesc_can_driver/rosidl_typesupport_fastrtps_c;/home/mart/dev/karelics_vesc/src/karelics_vesc_can_driver/build/karelics_vesc_can_driver/rosidl_typesupport_fastrtps_cpp;$<BUILD_INTERFACE:/home/mart/dev/karelics_vesc/src/karelics_vesc_can_driver/build/karelics_vesc_can_driver/rosidl_typesupport_introspection_c>;$<BUILD_INTERFACE:/home/mart/dev/karelics_vesc/src/karelics_vesc_can_driver/build/karelics_vesc_can_driver/rosidl_typesupport_c>;$<BUILD_INTERFACE:/home/mart/dev/karelics_vesc/src/karelics_vesc_can_driver/build/karelics_vesc_can_driver/rosidl_generator_cpp>;/home/mart/dev/karelics_vesc/src/karelics_vesc_can_driver/build/karelics_vesc_can_driver/rosidl_generator_py
[0.591s] -- Configured cppcheck exclude dirs and/or files: 
[0.609s] -- Added test 'cpplint' to check C / C++ code against the Google style
[0.609s] -- Configured cpplint exclude dirs and/or files: 
[0.611s] -- Added test 'flake8' to check Python code syntax and style conventions
[0.615s] -- Added test 'lint_cmake' to check CMake code style
[0.618s] -- Added test 'pep257' to check Python code against some of the style conventions in PEP 257
[0.633s] -- Added test 'uncrustify' to check C / C++ code style
[0.633s] -- Configured uncrustify additional arguments: 
[0.635s] -- Added test 'xmllint' to check XML markup files
[0.638s] -- Configuring done
[0.659s] -- Generating done
[0.661s] -- Build files have been written to: /home/mart/dev/karelics_vesc/src/karelics_vesc_can_driver/build/karelics_vesc_can_driver
[0.677s] [  3%] [34m[1mGenerating C code for ROS interfaces[0m
[0.684s] [  6%] [34m[1mGenerating C++ code for ROS interfaces[0m
[0.881s] [35m[1mScanning dependencies of target karelics_vesc_can_driver__rosidl_generator_c[0m
[0.889s] [  9%] [32mBuilding C object CMakeFiles/karelics_vesc_can_driver__rosidl_generator_c.dir/rosidl_generator_c/karelics_vesc_can_driver/msg/detail/vesc_status__functions.c.o[0m
[0.896s] [  9%] Built target karelics_vesc_can_driver__cpp
[0.903s] [ 19%] [34m[1mGenerating C++ introspection for ROS interfaces[0m
[0.903s] [ 19%] [34m[1mGenerating C++ type support for eProsima Fast-RTPS[0m
[0.903s] [ 19%] [34m[1mGenerating C++ type support dispatch for ROS interfaces[0m
[0.936s] [ 22%] [32m[1mLinking C shared library libkarelics_vesc_can_driver__rosidl_generator_c.so[0m
[0.964s] [ 22%] Built target karelics_vesc_can_driver__rosidl_generator_c
[0.971s] [ 29%] [34m[1mGenerating C type support dispatch for ROS interfaces[0m
[0.972s] [ 29%] [34m[1mGenerating C introspection for ROS interfaces[0m
[1.098s] [35m[1mScanning dependencies of target karelics_vesc_can_driver__rosidl_typesupport_cpp[0m
[1.106s] [ 32%] [32mBuilding CXX object CMakeFiles/karelics_vesc_can_driver__rosidl_typesupport_cpp.dir/rosidl_typesupport_cpp/karelics_vesc_can_driver/msg/vesc_status__type_support.cpp.o[0m
[1.110s] [35m[1mScanning dependencies of target karelics_vesc_can_driver__rosidl_typesupport_introspection_cpp[0m
[1.119s] [ 35%] [32mBuilding CXX object CMakeFiles/karelics_vesc_can_driver__rosidl_typesupport_introspection_cpp.dir/rosidl_typesupport_introspection_cpp/karelics_vesc_can_driver/msg/detail/vesc_status__type_support.cpp.o[0m
[1.126s] [35m[1mScanning dependencies of target karelics_vesc_can_driver__rosidl_typesupport_fastrtps_cpp[0m
[1.135s] [ 38%] [32mBuilding CXX object CMakeFiles/karelics_vesc_can_driver__rosidl_typesupport_fastrtps_cpp.dir/rosidl_typesupport_fastrtps_cpp/karelics_vesc_can_driver/msg/detail/dds_fastrtps/vesc_status__type_support.cpp.o[0m
[1.166s] [35m[1mScanning dependencies of target karelics_vesc_can_driver__rosidl_typesupport_c[0m
[1.175s] [ 41%] [32mBuilding CXX object CMakeFiles/karelics_vesc_can_driver__rosidl_typesupport_c.dir/rosidl_typesupport_c/karelics_vesc_can_driver/msg/vesc_status__type_support.cpp.o[0m
[1.181s] [35m[1mScanning dependencies of target karelics_vesc_can_driver__rosidl_typesupport_introspection_c[0m
[1.189s] [ 45%] [32mBuilding C object CMakeFiles/karelics_vesc_can_driver__rosidl_typesupport_introspection_c.dir/rosidl_typesupport_introspection_c/karelics_vesc_can_driver/msg/detail/vesc_status__type_support.c.o[0m
[1.210s] [ 48%] [32m[1mLinking CXX shared library libkarelics_vesc_can_driver__rosidl_typesupport_c.so[0m
[1.222s] [ 51%] [32m[1mLinking C shared library libkarelics_vesc_can_driver__rosidl_typesupport_introspection_c.so[0m
[1.239s] [ 51%] Built target karelics_vesc_can_driver__rosidl_typesupport_c
[1.243s] [ 51%] Built target karelics_vesc_can_driver__rosidl_typesupport_introspection_c
[1.358s] [ 54%] [32m[1mLinking CXX shared library libkarelics_vesc_can_driver__rosidl_typesupport_cpp.so[0m
[1.374s] [ 58%] [32m[1mLinking CXX shared library libkarelics_vesc_can_driver__rosidl_typesupport_introspection_cpp.so[0m
[1.386s] [ 58%] Built target karelics_vesc_can_driver__rosidl_typesupport_cpp
[1.401s] [ 58%] Built target karelics_vesc_can_driver__rosidl_typesupport_introspection_cpp
[1.494s] [ 61%] [32m[1mLinking CXX shared library libkarelics_vesc_can_driver__rosidl_typesupport_fastrtps_cpp.so[0m
[1.549s] [ 61%] Built target karelics_vesc_can_driver__rosidl_typesupport_fastrtps_cpp
[1.555s] [ 64%] [34m[1mGenerating C type support for eProsima Fast-RTPS[0m
[1.771s] [35m[1mScanning dependencies of target karelics_vesc_can_driver__rosidl_typesupport_fastrtps_c[0m
[1.780s] [ 67%] [32mBuilding CXX object CMakeFiles/karelics_vesc_can_driver__rosidl_typesupport_fastrtps_c.dir/rosidl_typesupport_fastrtps_c/karelics_vesc_can_driver/msg/detail/vesc_status__type_support_c.cpp.o[0m
[2.062s] [ 70%] [32m[1mLinking CXX shared library libkarelics_vesc_can_driver__rosidl_typesupport_fastrtps_c.so[0m
[2.113s] [ 70%] Built target karelics_vesc_can_driver__rosidl_typesupport_fastrtps_c
[2.120s] [35m[1mScanning dependencies of target karelics_vesc_can_driver[0m
[2.126s] [ 70%] Built target karelics_vesc_can_driver
[2.132s] [35m[1mScanning dependencies of target karelics_vesc_can_driver__py[0m
[2.139s] [ 74%] [34m[1mGenerating Python code for ROS interfaces[0m
[2.561s] [ 74%] Built target karelics_vesc_can_driver__py
[2.567s] [35m[1mScanning dependencies of target karelics_vesc_can_driver__python[0m
[2.588s] [ 77%] [32mBuilding C object CMakeFiles/karelics_vesc_can_driver__python.dir/rosidl_generator_py/karelics_vesc_can_driver/msg/_vesc_status_s.c.o[0m
[2.693s] [ 80%] [32m[1mLinking C shared library rosidl_generator_py/karelics_vesc_can_driver/libkarelics_vesc_can_driver__python.so[0m
[2.718s] [ 80%] Built target karelics_vesc_can_driver__python
[2.725s] [35m[1mScanning dependencies of target karelics_vesc_can_driver__rosidl_typesupport_introspection_c__pyext[0m
[2.725s] [35m[1mScanning dependencies of target karelics_vesc_can_driver__rosidl_typesupport_c__pyext[0m
[2.725s] [35m[1mScanning dependencies of target karelics_vesc_can_driver__rosidl_typesupport_fastrtps_c__pyext[0m
[2.737s] [ 90%] [32mBuilding C object CMakeFiles/karelics_vesc_can_driver__rosidl_typesupport_fastrtps_c__pyext.dir/rosidl_generator_py/karelics_vesc_can_driver/_karelics_vesc_can_driver_s.ep.rosidl_typesupport_fastrtps_c.c.o[0m
[2.737s] [ 90%] [32mBuilding C object CMakeFiles/karelics_vesc_can_driver__rosidl_typesupport_introspection_c__pyext.dir/rosidl_generator_py/karelics_vesc_can_driver/_karelics_vesc_can_driver_s.ep.rosidl_typesupport_introspection_c.c.o[0m
[2.737s] [ 90%] [32mBuilding C object CMakeFiles/karelics_vesc_can_driver__rosidl_typesupport_c__pyext.dir/rosidl_generator_py/karelics_vesc_can_driver/_karelics_vesc_can_driver_s.ep.rosidl_typesupport_c.c.o[0m
[2.825s] [ 93%] [32m[1mLinking C shared library rosidl_generator_py/karelics_vesc_can_driver/karelics_vesc_can_driver_s__rosidl_typesupport_introspection_c.cpython-38-x86_64-linux-gnu.so[0m
[2.826s] [ 96%] [32m[1mLinking C shared library rosidl_generator_py/karelics_vesc_can_driver/karelics_vesc_can_driver_s__rosidl_typesupport_c.cpython-38-x86_64-linux-gnu.so[0m
[2.829s] [100%] [32m[1mLinking CXX shared library rosidl_generator_py/karelics_vesc_can_driver/karelics_vesc_can_driver_s__rosidl_typesupport_fastrtps_c.cpython-38-x86_64-linux-gnu.so[0m
[2.848s] [100%] Built target karelics_vesc_can_driver__rosidl_typesupport_introspection_c__pyext
[2.848s] [100%] Built target karelics_vesc_can_driver__rosidl_typesupport_c__pyext
[2.872s] [100%] Built target karelics_vesc_can_driver__rosidl_typesupport_fastrtps_c__pyext
[2.880s] Invoked command in '/home/mart/dev/karelics_vesc/src/karelics_vesc_can_driver/build/karelics_vesc_can_driver' returned '0': CMAKE_PREFIX_PATH=/opt/ros/foxy /usr/bin/cmake --build /home/mart/dev/karelics_vesc/src/karelics_vesc_can_driver/build/karelics_vesc_can_driver -- -j12 -l12
[2.913s] Invoking command in '/home/mart/dev/karelics_vesc/src/karelics_vesc_can_driver/build/karelics_vesc_can_driver': CMAKE_PREFIX_PATH=/opt/ros/foxy /usr/bin/cmake --install /home/mart/dev/karelics_vesc/src/karelics_vesc_can_driver/build/karelics_vesc_can_driver
[2.919s] -- Install configuration: ""
[2.919s] -- Installing: /home/mart/dev/karelics_vesc/src/karelics_vesc_can_driver/install/karelics_vesc_can_driver/share/ament_index/resource_index/rosidl_interfaces/karelics_vesc_can_driver
[2.920s] -- Installing: /home/mart/dev/karelics_vesc/src/karelics_vesc_can_driver/install/karelics_vesc_can_driver/include/karelics_vesc_can_driver
[2.920s] -- Installing: /home/mart/dev/karelics_vesc/src/karelics_vesc_can_driver/install/karelics_vesc_can_driver/include/karelics_vesc_can_driver/msg
[2.920s] -- Installing: /home/mart/dev/karelics_vesc/src/karelics_vesc_can_driver/install/karelics_vesc_can_driver/include/karelics_vesc_can_driver/msg/detail
[2.920s] -- Installing: /home/mart/dev/karelics_vesc/src/karelics_vesc_can_driver/install/karelics_vesc_can_driver/include/karelics_vesc_can_driver/msg/detail/vesc_status__struct.h
[2.920s] -- Installing: /home/mart/dev/karelics_vesc/src/karelics_vesc_can_driver/install/karelics_vesc_can_driver/include/karelics_vesc_can_driver/msg/detail/vesc_status__type_support.h
[2.920s] -- Installing: /home/mart/dev/karelics_vesc/src/karelics_vesc_can_driver/install/karelics_vesc_can_driver/include/karelics_vesc_can_driver/msg/detail/vesc_status__functions.h
[2.920s] -- Installing: /home/mart/dev/karelics_vesc/src/karelics_vesc_can_driver/install/karelics_vesc_can_driver/include/karelics_vesc_can_driver/msg/detail/vesc_status__functions.c
[2.920s] -- Installing: /home/mart/dev/karelics_vesc/src/karelics_vesc_can_driver/install/karelics_vesc_can_driver/include/karelics_vesc_can_driver/msg/rosidl_generator_c__visibility_control.h
[2.920s] -- Installing: /home/mart/dev/karelics_vesc/src/karelics_vesc_can_driver/install/karelics_vesc_can_driver/include/karelics_vesc_can_driver/msg/vesc_status.h
[2.920s] -- Installing: /home/mart/dev/karelics_vesc/src/karelics_vesc_can_driver/install/karelics_vesc_can_driver/share/karelics_vesc_can_driver/environment/library_path.sh
[2.920s] -- Installing: /home/mart/dev/karelics_vesc/src/karelics_vesc_can_driver/install/karelics_vesc_can_driver/share/karelics_vesc_can_driver/environment/library_path.dsv
[2.920s] -- Installing: /home/mart/dev/karelics_vesc/src/karelics_vesc_can_driver/install/karelics_vesc_can_driver/lib/libkarelics_vesc_can_driver__rosidl_generator_c.so
[2.920s] -- Set runtime path of "/home/mart/dev/karelics_vesc/src/karelics_vesc_can_driver/install/karelics_vesc_can_driver/lib/libkarelics_vesc_can_driver__rosidl_generator_c.so" to ""
[2.920s] -- Up-to-date: /home/mart/dev/karelics_vesc/src/karelics_vesc_can_driver/install/karelics_vesc_can_driver/include/karelics_vesc_can_driver
[2.920s] -- Up-to-date: /home/mart/dev/karelics_vesc/src/karelics_vesc_can_driver/install/karelics_vesc_can_driver/include/karelics_vesc_can_driver/msg
[2.921s] -- Up-to-date: /home/mart/dev/karelics_vesc/src/karelics_vesc_can_driver/install/karelics_vesc_can_driver/include/karelics_vesc_can_driver/msg/detail
[2.921s] -- Installing: /home/mart/dev/karelics_vesc/src/karelics_vesc_can_driver/install/karelics_vesc_can_driver/include/karelics_vesc_can_driver/msg/detail/vesc_status__rosidl_typesupport_fastrtps_c.h
[2.921s] -- Installing: /home/mart/dev/karelics_vesc/src/karelics_vesc_can_driver/install/karelics_vesc_can_driver/include/karelics_vesc_can_driver/msg/rosidl_typesupport_fastrtps_c__visibility_control.h
[2.921s] -- Installing: /home/mart/dev/karelics_vesc/src/karelics_vesc_can_driver/install/karelics_vesc_can_driver/lib/libkarelics_vesc_can_driver__rosidl_typesupport_fastrtps_c.so
[2.921s] -- Set runtime path of "/home/mart/dev/karelics_vesc/src/karelics_vesc_can_driver/install/karelics_vesc_can_driver/lib/libkarelics_vesc_can_driver__rosidl_typesupport_fastrtps_c.so" to ""
[2.921s] -- Up-to-date: /home/mart/dev/karelics_vesc/src/karelics_vesc_can_driver/install/karelics_vesc_can_driver/include/karelics_vesc_can_driver
[2.921s] -- Up-to-date: /home/mart/dev/karelics_vesc/src/karelics_vesc_can_driver/install/karelics_vesc_can_driver/include/karelics_vesc_can_driver/msg
[2.921s] -- Up-to-date: /home/mart/dev/karelics_vesc/src/karelics_vesc_can_driver/install/karelics_vesc_can_driver/include/karelics_vesc_can_driver/msg/detail
[2.921s] -- Installing: /home/mart/dev/karelics_vesc/src/karelics_vesc_can_driver/install/karelics_vesc_can_driver/include/karelics_vesc_can_driver/msg/detail/dds_fastrtps
[2.921s] -- Installing: /home/mart/dev/karelics_vesc/src/karelics_vesc_can_driver/install/karelics_vesc_can_driver/include/karelics_vesc_can_driver/msg/detail/vesc_status__rosidl_typesupport_fastrtps_cpp.hpp
[2.921s] -- Installing: /home/mart/dev/karelics_vesc/src/karelics_vesc_can_driver/install/karelics_vesc_can_driver/include/karelics_vesc_can_driver/msg/rosidl_typesupport_fastrtps_cpp__visibility_control.h
[2.921s] -- Installing: /home/mart/dev/karelics_vesc/src/karelics_vesc_can_driver/install/karelics_vesc_can_driver/lib/libkarelics_vesc_can_driver__rosidl_typesupport_fastrtps_cpp.so
[2.921s] -- Set runtime path of "/home/mart/dev/karelics_vesc/src/karelics_vesc_can_driver/install/karelics_vesc_can_driver/lib/libkarelics_vesc_can_driver__rosidl_typesupport_fastrtps_cpp.so" to ""
[2.922s] -- Up-to-date: /home/mart/dev/karelics_vesc/src/karelics_vesc_can_driver/install/karelics_vesc_can_driver/include/karelics_vesc_can_driver
[2.922s] -- Up-to-date: /home/mart/dev/karelics_vesc/src/karelics_vesc_can_driver/install/karelics_vesc_can_driver/include/karelics_vesc_can_driver/msg
[2.922s] -- Up-to-date: /home/mart/dev/karelics_vesc/src/karelics_vesc_can_driver/install/karelics_vesc_can_driver/include/karelics_vesc_can_driver/msg/detail
[2.922s] -- Installing: /home/mart/dev/karelics_vesc/src/karelics_vesc_can_driver/install/karelics_vesc_can_driver/include/karelics_vesc_can_driver/msg/detail/vesc_status__type_support.c
[2.922s] -- Installing: /home/mart/dev/karelics_vesc/src/karelics_vesc_can_driver/install/karelics_vesc_can_driver/include/karelics_vesc_can_driver/msg/detail/vesc_status__rosidl_typesupport_introspection_c.h
[2.922s] -- Installing: /home/mart/dev/karelics_vesc/src/karelics_vesc_can_driver/install/karelics_vesc_can_driver/include/karelics_vesc_can_driver/msg/rosidl_typesupport_introspection_c__visibility_control.h
[2.922s] -- Installing: /home/mart/dev/karelics_vesc/src/karelics_vesc_can_driver/install/karelics_vesc_can_driver/lib/libkarelics_vesc_can_driver__rosidl_typesupport_introspection_c.so
[2.922s] -- Set runtime path of "/home/mart/dev/karelics_vesc/src/karelics_vesc_can_driver/install/karelics_vesc_can_driver/lib/libkarelics_vesc_can_driver__rosidl_typesupport_introspection_c.so" to ""
[2.922s] -- Installing: /home/mart/dev/karelics_vesc/src/karelics_vesc_can_driver/install/karelics_vesc_can_driver/lib/libkarelics_vesc_can_driver__rosidl_typesupport_c.so
[2.922s] -- Set runtime path of "/home/mart/dev/karelics_vesc/src/karelics_vesc_can_driver/install/karelics_vesc_can_driver/lib/libkarelics_vesc_can_driver__rosidl_typesupport_c.so" to ""
[2.923s] -- Up-to-date: /home/mart/dev/karelics_vesc/src/karelics_vesc_can_driver/install/karelics_vesc_can_driver/include/karelics_vesc_can_driver
[2.923s] -- Up-to-date: /home/mart/dev/karelics_vesc/src/karelics_vesc_can_driver/install/karelics_vesc_can_driver/include/karelics_vesc_can_driver/msg
[2.923s] -- Up-to-date: /home/mart/dev/karelics_vesc/src/karelics_vesc_can_driver/install/karelics_vesc_can_driver/include/karelics_vesc_can_driver/msg/detail
[2.923s] -- Installing: /home/mart/dev/karelics_vesc/src/karelics_vesc_can_driver/install/karelics_vesc_can_driver/include/karelics_vesc_can_driver/msg/detail/vesc_status__builder.hpp
[2.923s] -- Installing: /home/mart/dev/karelics_vesc/src/karelics_vesc_can_driver/install/karelics_vesc_can_driver/include/karelics_vesc_can_driver/msg/detail/vesc_status__struct.hpp
[2.923s] -- Installing: /home/mart/dev/karelics_vesc/src/karelics_vesc_can_driver/install/karelics_vesc_can_driver/include/karelics_vesc_can_driver/msg/detail/vesc_status__traits.hpp
[2.923s] -- Installing: /home/mart/dev/karelics_vesc/src/karelics_vesc_can_driver/install/karelics_vesc_can_driver/include/karelics_vesc_can_driver/msg/vesc_status.hpp
[2.923s] -- Up-to-date: /home/mart/dev/karelics_vesc/src/karelics_vesc_can_driver/install/karelics_vesc_can_driver/include/karelics_vesc_can_driver
[2.923s] -- Up-to-date: /home/mart/dev/karelics_vesc/src/karelics_vesc_can_driver/install/karelics_vesc_can_driver/include/karelics_vesc_can_driver/msg
[2.923s] -- Up-to-date: /home/mart/dev/karelics_vesc/src/karelics_vesc_can_driver/install/karelics_vesc_can_driver/include/karelics_vesc_can_driver/msg/detail
[2.923s] -- Installing: /home/mart/dev/karelics_vesc/src/karelics_vesc_can_driver/install/karelics_vesc_can_driver/include/karelics_vesc_can_driver/msg/detail/vesc_status__type_support.cpp
[2.923s] -- Installing: /home/mart/dev/karelics_vesc/src/karelics_vesc_can_driver/install/karelics_vesc_can_driver/include/karelics_vesc_can_driver/msg/detail/vesc_status__rosidl_typesupport_introspection_cpp.hpp
[2.924s] -- Installing: /home/mart/dev/karelics_vesc/src/karelics_vesc_can_driver/install/karelics_vesc_can_driver/lib/libkarelics_vesc_can_driver__rosidl_typesupport_introspection_cpp.so
[2.924s] -- Set runtime path of "/home/mart/dev/karelics_vesc/src/karelics_vesc_can_driver/install/karelics_vesc_can_driver/lib/libkarelics_vesc_can_driver__rosidl_typesupport_introspection_cpp.so" to ""
[2.924s] -- Installing: /home/mart/dev/karelics_vesc/src/karelics_vesc_can_driver/install/karelics_vesc_can_driver/lib/libkarelics_vesc_can_driver__rosidl_typesupport_cpp.so
[2.924s] -- Set runtime path of "/home/mart/dev/karelics_vesc/src/karelics_vesc_can_driver/install/karelics_vesc_can_driver/lib/libkarelics_vesc_can_driver__rosidl_typesupport_cpp.so" to ""
[2.924s] -- Installing: /home/mart/dev/karelics_vesc/src/karelics_vesc_can_driver/install/karelics_vesc_can_driver/share/karelics_vesc_can_driver/environment/pythonpath.sh
[2.924s] -- Installing: /home/mart/dev/karelics_vesc/src/karelics_vesc_can_driver/install/karelics_vesc_can_driver/share/karelics_vesc_can_driver/environment/pythonpath.dsv
[2.924s] -- Installing: /home/mart/dev/karelics_vesc/src/karelics_vesc_can_driver/install/karelics_vesc_can_driver/lib/python3.8/site-packages/karelics_vesc_can_driver/__init__.py
[2.948s] Compiling '/home/mart/dev/karelics_vesc/src/karelics_vesc_can_driver/install/karelics_vesc_can_driver/lib/python3.8/site-packages/karelics_vesc_can_driver/__init__.py'...
[2.951s] -- Installing: /home/mart/dev/karelics_vesc/src/karelics_vesc_can_driver/install/karelics_vesc_can_driver/lib/python3.8/site-packages/karelics_vesc_can_driver/msg
[2.951s] -- Installing: /home/mart/dev/karelics_vesc/src/karelics_vesc_can_driver/install/karelics_vesc_can_driver/lib/python3.8/site-packages/karelics_vesc_can_driver/msg/_vesc_status_s.c
[2.951s] -- Installing: /home/mart/dev/karelics_vesc/src/karelics_vesc_can_driver/install/karelics_vesc_can_driver/lib/python3.8/site-packages/karelics_vesc_can_driver/msg/__init__.py
[2.951s] -- Installing: /home/mart/dev/karelics_vesc/src/karelics_vesc_can_driver/install/karelics_vesc_can_driver/lib/python3.8/site-packages/karelics_vesc_can_driver/msg/_vesc_status.py
[2.951s] -- Installing: /home/mart/dev/karelics_vesc/src/karelics_vesc_can_driver/install/karelics_vesc_can_driver/lib/python3.8/site-packages/karelics_vesc_can_driver/karelics_vesc_can_driver_s__rosidl_typesupport_fastrtps_c.cpython-38-x86_64-linux-gnu.so
[2.951s] -- Set runtime path of "/home/mart/dev/karelics_vesc/src/karelics_vesc_can_driver/install/karelics_vesc_can_driver/lib/python3.8/site-packages/karelics_vesc_can_driver/karelics_vesc_can_driver_s__rosidl_typesupport_fastrtps_c.cpython-38-x86_64-linux-gnu.so" to ""
[2.952s] -- Installing: /home/mart/dev/karelics_vesc/src/karelics_vesc_can_driver/install/karelics_vesc_can_driver/lib/python3.8/site-packages/karelics_vesc_can_driver/karelics_vesc_can_driver_s__rosidl_typesupport_introspection_c.cpython-38-x86_64-linux-gnu.so
[2.952s] -- Set runtime path of "/home/mart/dev/karelics_vesc/src/karelics_vesc_can_driver/install/karelics_vesc_can_driver/lib/python3.8/site-packages/karelics_vesc_can_driver/karelics_vesc_can_driver_s__rosidl_typesupport_introspection_c.cpython-38-x86_64-linux-gnu.so" to ""
[2.952s] -- Installing: /home/mart/dev/karelics_vesc/src/karelics_vesc_can_driver/install/karelics_vesc_can_driver/lib/python3.8/site-packages/karelics_vesc_can_driver/karelics_vesc_can_driver_s__rosidl_typesupport_c.cpython-38-x86_64-linux-gnu.so
[2.953s] -- Set runtime path of "/home/mart/dev/karelics_vesc/src/karelics_vesc_can_driver/install/karelics_vesc_can_driver/lib/python3.8/site-packages/karelics_vesc_can_driver/karelics_vesc_can_driver_s__rosidl_typesupport_c.cpython-38-x86_64-linux-gnu.so" to ""
[2.953s] -- Installing: /home/mart/dev/karelics_vesc/src/karelics_vesc_can_driver/install/karelics_vesc_can_driver/lib/libkarelics_vesc_can_driver__python.so
[2.953s] -- Set runtime path of "/home/mart/dev/karelics_vesc/src/karelics_vesc_can_driver/install/karelics_vesc_can_driver/lib/libkarelics_vesc_can_driver__python.so" to ""
[2.953s] -- Installing: /home/mart/dev/karelics_vesc/src/karelics_vesc_can_driver/install/karelics_vesc_can_driver/share/karelics_vesc_can_driver/msg/VescStatus.idl
[2.953s] -- Installing: /home/mart/dev/karelics_vesc/src/karelics_vesc_can_driver/install/karelics_vesc_can_driver/share/karelics_vesc_can_driver/msg/VescStatus.msg
[2.953s] -- Installing: /home/mart/dev/karelics_vesc/src/karelics_vesc_can_driver/install/karelics_vesc_can_driver/share/ament_index/resource_index/package_run_dependencies/karelics_vesc_can_driver
[2.953s] -- Up-to-date: /home/mart/dev/karelics_vesc/src/karelics_vesc_can_driver/install/karelics_vesc_can_driver/share/ament_index/resource_index/parent_prefix_path/karelics_vesc_can_driver
[2.953s] -- Up-to-date: /home/mart/dev/karelics_vesc/src/karelics_vesc_can_driver/install/karelics_vesc_can_driver/share/karelics_vesc_can_driver/environment/ament_prefix_path.sh
[2.953s] -- Installing: /home/mart/dev/karelics_vesc/src/karelics_vesc_can_driver/install/karelics_vesc_can_driver/share/karelics_vesc_can_driver/environment/ament_prefix_path.dsv
[2.953s] -- Up-to-date: /home/mart/dev/karelics_vesc/src/karelics_vesc_can_driver/install/karelics_vesc_can_driver/share/karelics_vesc_can_driver/environment/path.sh
[2.954s] -- Installing: /home/mart/dev/karelics_vesc/src/karelics_vesc_can_driver/install/karelics_vesc_can_driver/share/karelics_vesc_can_driver/environment/path.dsv
[2.954s] -- Up-to-date: /home/mart/dev/karelics_vesc/src/karelics_vesc_can_driver/install/karelics_vesc_can_driver/share/karelics_vesc_can_driver/local_setup.bash
[2.954s] -- Installing: /home/mart/dev/karelics_vesc/src/karelics_vesc_can_driver/install/karelics_vesc_can_driver/share/karelics_vesc_can_driver/local_setup.sh
[2.954s] -- Up-to-date: /home/mart/dev/karelics_vesc/src/karelics_vesc_can_driver/install/karelics_vesc_can_driver/share/karelics_vesc_can_driver/local_setup.zsh
[2.954s] -- Installing: /home/mart/dev/karelics_vesc/src/karelics_vesc_can_driver/install/karelics_vesc_can_driver/share/karelics_vesc_can_driver/local_setup.dsv
[2.954s] -- Installing: /home/mart/dev/karelics_vesc/src/karelics_vesc_can_driver/install/karelics_vesc_can_driver/share/karelics_vesc_can_driver/package.dsv
[2.954s] -- Up-to-date: /home/mart/dev/karelics_vesc/src/karelics_vesc_can_driver/install/karelics_vesc_can_driver/share/ament_index/resource_index/packages/karelics_vesc_can_driver
[2.954s] -- Installing: /home/mart/dev/karelics_vesc/src/karelics_vesc_can_driver/install/karelics_vesc_can_driver/share/karelics_vesc_can_driver/cmake/karelics_vesc_can_driver__rosidl_generator_cExport.cmake
[2.954s] -- Installing: /home/mart/dev/karelics_vesc/src/karelics_vesc_can_driver/install/karelics_vesc_can_driver/share/karelics_vesc_can_driver/cmake/karelics_vesc_can_driver__rosidl_generator_cExport-noconfig.cmake
[2.954s] -- Installing: /home/mart/dev/karelics_vesc/src/karelics_vesc_can_driver/install/karelics_vesc_can_driver/share/karelics_vesc_can_driver/cmake/karelics_vesc_can_driver__rosidl_typesupport_introspection_cExport.cmake
[2.954s] -- Installing: /home/mart/dev/karelics_vesc/src/karelics_vesc_can_driver/install/karelics_vesc_can_driver/share/karelics_vesc_can_driver/cmake/karelics_vesc_can_driver__rosidl_typesupport_introspection_cExport-noconfig.cmake
[2.955s] -- Installing: /home/mart/dev/karelics_vesc/src/karelics_vesc_can_driver/install/karelics_vesc_can_driver/share/karelics_vesc_can_driver/cmake/karelics_vesc_can_driver__rosidl_typesupport_cExport.cmake
[2.955s] -- Installing: /home/mart/dev/karelics_vesc/src/karelics_vesc_can_driver/install/karelics_vesc_can_driver/share/karelics_vesc_can_driver/cmake/karelics_vesc_can_driver__rosidl_typesupport_cExport-noconfig.cmake
[2.955s] -- Installing: /home/mart/dev/karelics_vesc/src/karelics_vesc_can_driver/install/karelics_vesc_can_driver/share/karelics_vesc_can_driver/cmake/karelics_vesc_can_driver__rosidl_generator_cppExport.cmake
[2.955s] -- Installing: /home/mart/dev/karelics_vesc/src/karelics_vesc_can_driver/install/karelics_vesc_can_driver/share/karelics_vesc_can_driver/cmake/karelics_vesc_can_driver__rosidl_typesupport_introspection_cppExport.cmake
[2.955s] -- Installing: /home/mart/dev/karelics_vesc/src/karelics_vesc_can_driver/install/karelics_vesc_can_driver/share/karelics_vesc_can_driver/cmake/karelics_vesc_can_driver__rosidl_typesupport_introspection_cppExport-noconfig.cmake
[2.955s] -- Installing: /home/mart/dev/karelics_vesc/src/karelics_vesc_can_driver/install/karelics_vesc_can_driver/share/karelics_vesc_can_driver/cmake/karelics_vesc_can_driver__rosidl_typesupport_cppExport.cmake
[2.955s] -- Installing: /home/mart/dev/karelics_vesc/src/karelics_vesc_can_driver/install/karelics_vesc_can_driver/share/karelics_vesc_can_driver/cmake/karelics_vesc_can_driver__rosidl_typesupport_cppExport-noconfig.cmake
[2.955s] -- Installing: /home/mart/dev/karelics_vesc/src/karelics_vesc_can_driver/install/karelics_vesc_can_driver/share/karelics_vesc_can_driver/cmake/rosidl_cmake-extras.cmake
[2.955s] -- Installing: /home/mart/dev/karelics_vesc/src/karelics_vesc_can_driver/install/karelics_vesc_can_driver/share/karelics_vesc_can_driver/cmake/ament_cmake_export_dependencies-extras.cmake
[2.956s] -- Installing: /home/mart/dev/karelics_vesc/src/karelics_vesc_can_driver/install/karelics_vesc_can_driver/share/karelics_vesc_can_driver/cmake/ament_cmake_export_libraries-extras.cmake
[2.956s] -- Installing: /home/mart/dev/karelics_vesc/src/karelics_vesc_can_driver/install/karelics_vesc_can_driver/share/karelics_vesc_can_driver/cmake/ament_cmake_export_targets-extras.cmake
[2.956s] -- Installing: /home/mart/dev/karelics_vesc/src/karelics_vesc_can_driver/install/karelics_vesc_can_driver/share/karelics_vesc_can_driver/cmake/ament_cmake_export_include_directories-extras.cmake
[2.956s] -- Installing: /home/mart/dev/karelics_vesc/src/karelics_vesc_can_driver/install/karelics_vesc_can_driver/share/karelics_vesc_can_driver/cmake/rosidl_cmake_export_typesupport_libraries-extras.cmake
[2.956s] -- Installing: /home/mart/dev/karelics_vesc/src/karelics_vesc_can_driver/install/karelics_vesc_can_driver/share/karelics_vesc_can_driver/cmake/rosidl_cmake_export_typesupport_targets-extras.cmake
[2.956s] -- Installing: /home/mart/dev/karelics_vesc/src/karelics_vesc_can_driver/install/karelics_vesc_can_driver/share/karelics_vesc_can_driver/cmake/karelics_vesc_can_driverConfig.cmake
[2.956s] -- Up-to-date: /home/mart/dev/karelics_vesc/src/karelics_vesc_can_driver/install/karelics_vesc_can_driver/share/karelics_vesc_can_driver/cmake/karelics_vesc_can_driverConfig-version.cmake
[2.956s] -- Installing: /home/mart/dev/karelics_vesc/src/karelics_vesc_can_driver/install/karelics_vesc_can_driver/share/karelics_vesc_can_driver/package.xml
[2.958s] Invoked command in '/home/mart/dev/karelics_vesc/src/karelics_vesc_can_driver/build/karelics_vesc_can_driver' returned '0': CMAKE_PREFIX_PATH=/opt/ros/foxy /usr/bin/cmake --install /home/mart/dev/karelics_vesc/src/karelics_vesc_can_driver/build/karelics_vesc_can_driver
