[  6%] Built target karelics_vesc_can_driver__cpp
[  6%] [32mBuilding C object CMakeFiles/karelics_vesc_can_driver__rosidl_generator_c.dir/rosidl_generator_c/karelics_vesc_can_driver/msg/detail/vesc_status__functions.c.o[0m
[ 16%] [32mBuilding CXX object CMakeFiles/karelics_vesc_can_driver__rosidl_typesupport_fastrtps_cpp.dir/rosidl_typesupport_fastrtps_cpp/karelics_vesc_can_driver/msg/detail/dds_fastrtps/vesc_status__type_support.cpp.o[0m
[ 16%] [32mBuilding CXX object CMakeFiles/karelics_vesc_can_driver__rosidl_typesupport_cpp.dir/rosidl_typesupport_cpp/karelics_vesc_can_driver/msg/vesc_status__type_support.cpp.o[0m
[ 16%] [32mBuilding CXX object CMakeFiles/karelics_vesc_can_driver__rosidl_typesupport_introspection_cpp.dir/rosidl_typesupport_introspection_cpp/karelics_vesc_can_driver/msg/detail/vesc_status__type_support.cpp.o[0m
In file included from [01m[K/home/mart/dev/karelics_vesc/src/karelics_vesc_can_driver/build/karelics_vesc_can_driver/rosidl_generator_c/karelics_vesc_can_driver/msg/detail/vesc_status__functions.h:19[m[K,
                 from [01m[K/home/mart/dev/karelics_vesc/src/karelics_vesc_can_driver/build/karelics_vesc_can_driver/rosidl_generator_c/karelics_vesc_can_driver/msg/detail/vesc_status__functions.c:4[m[K:
[01m[K/home/mart/dev/karelics_vesc/src/karelics_vesc_can_driver/build/karelics_vesc_can_driver/rosidl_generator_c/karelics_vesc_can_driver/msg/detail/vesc_status__struct.h:22:10:[m[K [01;31m[Kfatal error: [m[Kkarelics_vesc_can_driver/msg/detail/header__struct.h: No such file or directory
   22 | #include [01;31m[K"karelics_vesc_can_driver/msg/detail/header__struct.h"[m[K
      |          [01;31m[K^~~~~~~~~~~~~~~~~~~~~~~~~~~~~~~~~~~~~~~~~~~~~~~~~~~~~~[m[K
compilation terminated.
make[2]: *** [CMakeFiles/karelics_vesc_can_driver__rosidl_generator_c.dir/build.make:92: CMakeFiles/karelics_vesc_can_driver__rosidl_generator_c.dir/rosidl_generator_c/karelics_vesc_can_driver/msg/detail/vesc_status__functions.c.o] Error 1
make[1]: *** [CMakeFiles/Makefile2:325: CMakeFiles/karelics_vesc_can_driver__rosidl_generator_c.dir/all] Error 2
make[1]: *** Waiting for unfinished jobs....
In file included from [01m[K/home/mart/dev/karelics_vesc/src/karelics_vesc_can_driver/build/karelics_vesc_can_driver/rosidl_typesupport_introspection_cpp/karelics_vesc_can_driver/msg/detail/vesc_status__type_support.cpp:12[m[K:
[01m[K/home/mart/dev/karelics_vesc/src/karelics_vesc_can_driver/build/karelics_vesc_can_driver/rosidl_generator_cpp/karelics_vesc_can_driver/msg/detail/vesc_status__struct.hpp:19:10:[m[K [01;31m[Kfatal error: [m[Kkarelics_vesc_can_driver/msg/detail/header__struct.hpp: No such file or directory
   19 | #include [01;31m[K"karelics_vesc_can_driver/msg/detail/header__struct.hpp"[m[K
      |          [01;31m[K^~~~~~~~~~~~~~~~~~~~~~~~~~~~~~~~~~~~~~~~~~~~~~~~~~~~~~~~[m[K
compilation terminated.
In file included from [01m[K/home/mart/dev/karelics_vesc/src/karelics_vesc_can_driver/build/karelics_vesc_can_driver/rosidl_typesupport_cpp/karelics_vesc_can_driver/msg/vesc_status__type_support.cpp:7[m[K:
[01m[K/home/mart/dev/karelics_vesc/src/karelics_vesc_can_driver/build/karelics_vesc_can_driver/rosidl_generator_cpp/karelics_vesc_can_driver/msg/detail/vesc_status__struct.hpp:19:10:[m[K [01;31m[Kfatal error: [m[Kkarelics_vesc_can_driver/msg/detail/header__struct.hpp: No such file or directory
   19 | #include [01;31m[K"karelics_vesc_can_driver/msg/detail/header__struct.hpp"[m[K
      |          [01;31m[K^~~~~~~~~~~~~~~~~~~~~~~~~~~~~~~~~~~~~~~~~~~~~~~~~~~~~~~~[m[K
compilation terminated.
make[2]: *** [CMakeFiles/karelics_vesc_can_driver__rosidl_typesupport_introspection_cpp.dir/build.make:78: CMakeFiles/karelics_vesc_can_driver__rosidl_typesupport_introspection_cpp.dir/rosidl_typesupport_introspection_cpp/karelics_vesc_can_driver/msg/detail/vesc_status__type_support.cpp.o] Error 1
make[1]: *** [CMakeFiles/Makefile2:238: CMakeFiles/karelics_vesc_can_driver__rosidl_typesupport_introspection_cpp.dir/all] Error 2
make[2]: *** [CMakeFiles/karelics_vesc_can_driver__rosidl_typesupport_cpp.dir/build.make:73: CMakeFiles/karelics_vesc_can_driver__rosidl_typesupport_cpp.dir/rosidl_typesupport_cpp/karelics_vesc_can_driver/msg/vesc_status__type_support.cpp.o] Error 1
make[1]: *** [CMakeFiles/Makefile2:408: CMakeFiles/karelics_vesc_can_driver__rosidl_typesupport_cpp.dir/all] Error 2
In file included from [01m[K/home/mart/dev/karelics_vesc/src/karelics_vesc_can_driver/build/karelics_vesc_can_driver/rosidl_typesupport_fastrtps_cpp/karelics_vesc_can_driver/msg/detail/vesc_status__rosidl_typesupport_fastrtps_cpp.hpp:11[m[K,
                 from [01m[K/home/mart/dev/karelics_vesc/src/karelics_vesc_can_driver/build/karelics_vesc_can_driver/rosidl_typesupport_fastrtps_cpp/karelics_vesc_can_driver/msg/detail/dds_fastrtps/vesc_status__type_support.cpp:4[m[K:
[01m[K/home/mart/dev/karelics_vesc/src/karelics_vesc_can_driver/build/karelics_vesc_can_driver/rosidl_generator_cpp/karelics_vesc_can_driver/msg/detail/vesc_status__struct.hpp:19:10:[m[K [01;31m[Kfatal error: [m[Kkarelics_vesc_can_driver/msg/detail/header__struct.hpp: No such file or directory
   19 | #include [01;31m[K"karelics_vesc_can_driver/msg/detail/header__struct.hpp"[m[K
      |          [01;31m[K^~~~~~~~~~~~~~~~~~~~~~~~~~~~~~~~~~~~~~~~~~~~~~~~~~~~~~~~[m[K
compilation terminated.
make[2]: *** [CMakeFiles/karelics_vesc_can_driver__rosidl_typesupport_fastrtps_cpp.dir/build.make:78: CMakeFiles/karelics_vesc_can_driver__rosidl_typesupport_fastrtps_cpp.dir/rosidl_typesupport_fastrtps_cpp/karelics_vesc_can_driver/msg/detail/dds_fastrtps/vesc_status__type_support.cpp.o] Error 1
make[1]: *** [CMakeFiles/Makefile2:352: CMakeFiles/karelics_vesc_can_driver__rosidl_typesupport_fastrtps_cpp.dir/all] Error 2
make: *** [Makefile:141: all] Error 2
