[0.008s] Invoking command in '/home/mart/dev/karelics_vesc_ros2/src/karelics_vesc_can_driver/build/karelics_vesc_can_driver': /usr/bin/cmake /home/mart/dev/karelics_vesc_ros2/src/karelics_vesc_can_driver -DCATKIN_INSTALL_INTO_PREFIX_ROOT=0 -DCMAKE_INSTALL_PREFIX=/home/mart/dev/karelics_vesc_ros2/src/karelics_vesc_can_driver/install/karelics_vesc_can_driver
[0.052s] -- The C compiler identification is GNU 9.3.0
[0.095s] -- The CXX compiler identification is GNU 9.3.0
[0.099s] -- Check for working C compiler: /usr/lib/ccache/cc
[0.146s] -- Check for working C compiler: /usr/lib/ccache/cc -- works
[0.147s] -- Detecting C compiler ABI info
[0.181s] -- Detecting C compiler ABI info - done
[0.191s] -- Detecting C compile features
[0.191s] -- Detecting C compile features - done
[0.194s] -- Check for working CXX compiler: /usr/lib/ccache/c++
[0.248s] -- Check for working CXX compiler: /usr/lib/ccache/c++ -- works
[0.249s] -- Detecting CXX compiler ABI info
[0.289s] -- Detecting CXX compiler ABI info - done
[0.300s] -- Detecting CXX compile features
[0.301s] -- Detecting CXX compile features - done
[0.313s] CMake Error at CMakeLists.txt:10 (find_package):
[0.313s]   By not providing "Findcatkin.cmake" in CMAKE_MODULE_PATH this project has
[0.313s]   asked CMake to find a package configuration file provided by "catkin", but
[0.313s]   CMake did not find one.
[0.313s] 
[0.313s]   Could not find a package configuration file provided by "catkin" with any
[0.313s]   of the following names:
[0.313s] 
[0.313s]     catkinConfig.cmake
[0.313s]     catkin-config.cmake
[0.314s] 
[0.314s]   Add the installation prefix of "catkin" to CMAKE_PREFIX_PATH or set
[0.314s]   "catkin_DIR" to a directory containing one of the above files.  If "catkin"
[0.314s]   provides a separate development package or SDK, be sure it has been
[0.314s]   installed.
[0.314s] 
[0.314s] 
[0.314s] -- Configuring incomplete, errors occurred!
[0.314s] See also "/home/mart/dev/karelics_vesc_ros2/src/karelics_vesc_can_driver/build/karelics_vesc_can_driver/CMakeFiles/CMakeOutput.log".
[0.315s] Invoked command in '/home/mart/dev/karelics_vesc_ros2/src/karelics_vesc_can_driver/build/karelics_vesc_can_driver' returned '1': /usr/bin/cmake /home/mart/dev/karelics_vesc_ros2/src/karelics_vesc_can_driver -DCATKIN_INSTALL_INTO_PREFIX_ROOT=0 -DCMAKE_INSTALL_PREFIX=/home/mart/dev/karelics_vesc_ros2/src/karelics_vesc_can_driver/install/karelics_vesc_can_driver
