[0.313s] DEBUG:colcon:Command line arguments: ['/usr/bin/colcon', 'build']
[0.313s] DEBUG:colcon:Parsed command line arguments: Namespace(ament_cmake_args=None, base_paths=['.'], build_base='build', catkin_cmake_args=None, catkin_skip_building_tests=False, cmake_args=None, cmake_clean_cache=False, cmake_clean_first=False, cmake_force_configure=False, cmake_target=None, cmake_target_skip_unavailable=False, continue_on_error=False, event_handlers=None, executor='parallel', ignore_user_meta=False, install_base='install', log_base=None, log_level=None, main=<bound method BuildVerb.main of <colcon_core.verb.build.BuildVerb object at 0x7fefcb7796a0>>, merge_install=False, metas=['./colcon.meta'], packages_above=None, packages_above_and_dependencies=None, packages_above_depth=None, packages_end=None, packages_ignore=None, packages_ignore_regex=None, packages_select=None, packages_select_build_failed=False, packages_select_by_dep=None, packages_select_regex=None, packages_select_test_failures=False, packages_skip=None, packages_skip_build_finished=False, packages_skip_by_dep=None, packages_skip_regex=None, packages_skip_test_passed=False, packages_skip_up_to=None, packages_start=None, packages_up_to=None, packages_up_to_regex=None, parallel_workers=12, paths=None, symlink_install=False, test_result_base=None, verb_extension=<colcon_core.verb.build.BuildVerb object at 0x7fefcb7796a0>, verb_name='build', verb_parser=<colcon_defaults.argument_parser.defaults.DefaultArgumentsDecorator object at 0x7fefcb779b50>)
[0.319s] Level 1:colcon.colcon_core.package_discovery:discover_packages(colcon_meta) check parameters
[0.319s] Level 1:colcon.colcon_core.package_discovery:discover_packages(recursive) check parameters
[0.319s] Level 1:colcon.colcon_core.package_discovery:discover_packages(ignore) check parameters
[0.319s] Level 1:colcon.colcon_core.package_discovery:discover_packages(path) check parameters
[0.319s] Level 1:colcon.colcon_core.package_discovery:discover_packages(colcon_meta) discover
[0.319s] Level 1:colcon.colcon_core.package_discovery:discover_packages(recursive) discover
[0.319s] INFO:colcon.colcon_core.package_discovery:Crawling recursively for packages in '/home/mart/dev/karelics_vesc_ros2/src/karelics_vesc_can_driver'
[0.319s] Level 1:colcon.colcon_core.package_identification:_identify(.) by extensions ['ignore', 'ignore_ament_install']
[0.319s] Level 1:colcon.colcon_core.package_identification:_identify(.) by extension 'ignore'
[0.319s] Level 1:colcon.colcon_core.package_identification:_identify(.) by extension 'ignore_ament_install'
[0.319s] Level 1:colcon.colcon_core.package_identification:_identify(.) by extensions ['colcon_pkg']
[0.319s] Level 1:colcon.colcon_core.package_identification:_identify(.) by extension 'colcon_pkg'
[0.319s] Level 1:colcon.colcon_core.package_identification:_identify(.) by extensions ['colcon_meta']
[0.319s] Level 1:colcon.colcon_core.package_identification:_identify(.) by extension 'colcon_meta'
[0.319s] Level 1:colcon.colcon_core.package_identification:_identify(.) by extensions ['ros']
[0.319s] Level 1:colcon.colcon_core.package_identification:_identify(.) by extension 'ros'
[0.330s] DEBUG:colcon.colcon_core.package_identification:Package '.' with type 'ros.catkin' and name 'karelics_vesc_can_driver'
[0.330s] Level 1:colcon.colcon_core.package_discovery:discover_packages(recursive) using defaults
[0.330s] Level 1:colcon.colcon_core.package_discovery:discover_packages(ignore) discover
[0.330s] Level 1:colcon.colcon_core.package_discovery:discover_packages(ignore) using defaults
[0.330s] Level 1:colcon.colcon_core.package_discovery:discover_packages(path) discover
[0.330s] Level 1:colcon.colcon_core.package_discovery:discover_packages(path) using defaults
[0.349s] Level 5:colcon.colcon_core.verb:set package 'karelics_vesc_can_driver' build argument 'cmake_args' from command line to 'None'
[0.349s] Level 5:colcon.colcon_core.verb:set package 'karelics_vesc_can_driver' build argument 'cmake_target' from command line to 'None'
[0.349s] Level 5:colcon.colcon_core.verb:set package 'karelics_vesc_can_driver' build argument 'cmake_target_skip_unavailable' from command line to 'False'
[0.349s] Level 5:colcon.colcon_core.verb:set package 'karelics_vesc_can_driver' build argument 'cmake_clean_cache' from command line to 'False'
[0.349s] Level 5:colcon.colcon_core.verb:set package 'karelics_vesc_can_driver' build argument 'cmake_clean_first' from command line to 'False'
[0.349s] Level 5:colcon.colcon_core.verb:set package 'karelics_vesc_can_driver' build argument 'cmake_force_configure' from command line to 'False'
[0.349s] Level 5:colcon.colcon_core.verb:set package 'karelics_vesc_can_driver' build argument 'ament_cmake_args' from command line to 'None'
[0.349s] Level 5:colcon.colcon_core.verb:set package 'karelics_vesc_can_driver' build argument 'catkin_cmake_args' from command line to 'None'
[0.349s] Level 5:colcon.colcon_core.verb:set package 'karelics_vesc_can_driver' build argument 'catkin_skip_building_tests' from command line to 'False'
[0.349s] DEBUG:colcon.colcon_core.verb:Building package 'karelics_vesc_can_driver' with the following arguments: {'ament_cmake_args': None, 'build_base': '/home/mart/dev/karelics_vesc_ros2/src/karelics_vesc_can_driver/build/karelics_vesc_can_driver', 'catkin_cmake_args': None, 'catkin_skip_building_tests': False, 'cmake_args': None, 'cmake_clean_cache': False, 'cmake_clean_first': False, 'cmake_force_configure': False, 'cmake_target': None, 'cmake_target_skip_unavailable': False, 'install_base': '/home/mart/dev/karelics_vesc_ros2/src/karelics_vesc_can_driver/install/karelics_vesc_can_driver', 'merge_install': False, 'path': '/home/mart/dev/karelics_vesc_ros2/src/karelics_vesc_can_driver', 'symlink_install': False, 'test_result_base': None}
[0.349s] INFO:colcon.colcon_core.executor:Executing jobs using 'parallel' executor
[0.351s] DEBUG:colcon.colcon_parallel_executor.executor.parallel:run_until_complete
[0.351s] INFO:colcon.colcon_ros.task.catkin.build:Building ROS package in '/home/mart/dev/karelics_vesc_ros2/src/karelics_vesc_can_driver' with build type 'catkin'
[0.351s] INFO:colcon.colcon_cmake.task.cmake.build:Building CMake package in '/home/mart/dev/karelics_vesc_ros2/src/karelics_vesc_can_driver'
[0.355s] INFO:colcon.colcon_core.plugin_system:Skipping extension 'colcon_core.shell.bat': Not used on non-Windows systems
[0.355s] INFO:colcon.colcon_core.shell:Skip shell extension 'powershell' for command environment: Not usable outside of PowerShell
[0.355s] DEBUG:colcon.colcon_core.shell:Skip shell extension 'dsv' for command environment
[0.358s] DEBUG:colcon.colcon_core.shell:Ignoring prefix path '/opt/ros/foxy'
[0.363s] DEBUG:colcon.colcon_core.event_handler.log_command:Invoking command in '/home/mart/dev/karelics_vesc_ros2/src/karelics_vesc_can_driver/build/karelics_vesc_can_driver': /usr/bin/cmake /home/mart/dev/karelics_vesc_ros2/src/karelics_vesc_can_driver -DCATKIN_INSTALL_INTO_PREFIX_ROOT=0 -DCMAKE_INSTALL_PREFIX=/home/mart/dev/karelics_vesc_ros2/src/karelics_vesc_can_driver/install/karelics_vesc_can_driver
[0.402s] DEBUG:colcon.colcon_core.event_handler.log_command:Invoked command in '/home/mart/dev/karelics_vesc_ros2/src/karelics_vesc_can_driver/build/karelics_vesc_can_driver' returned '1': /usr/bin/cmake /home/mart/dev/karelics_vesc_ros2/src/karelics_vesc_can_driver -DCATKIN_INSTALL_INTO_PREFIX_ROOT=0 -DCMAKE_INSTALL_PREFIX=/home/mart/dev/karelics_vesc_ros2/src/karelics_vesc_can_driver/install/karelics_vesc_can_driver
[0.410s] Level 1:colcon.colcon_core.environment:create_environment_scripts_only(karelics_vesc_can_driver)
[0.415s] Level 1:colcon.colcon_core.environment:checking '/home/mart/dev/karelics_vesc_ros2/src/karelics_vesc_can_driver/install/karelics_vesc_can_driver' for CMake module files
[0.415s] Level 1:colcon.colcon_core.environment:checking '/home/mart/dev/karelics_vesc_ros2/src/karelics_vesc_can_driver/install/karelics_vesc_can_driver' for CMake config files
[0.416s] Level 1:colcon.colcon_core.environment:checking '/home/mart/dev/karelics_vesc_ros2/src/karelics_vesc_can_driver/install/karelics_vesc_can_driver/bin'
[0.416s] Level 1:colcon.colcon_core.environment:checking '/home/mart/dev/karelics_vesc_ros2/src/karelics_vesc_can_driver/install/karelics_vesc_can_driver/lib/pkgconfig/karelics_vesc_can_driver.pc'
[0.416s] Level 1:colcon.colcon_core.environment:checking '/home/mart/dev/karelics_vesc_ros2/src/karelics_vesc_can_driver/install/karelics_vesc_can_driver/lib/python3.8/site-packages'
[0.417s] INFO:colcon.colcon_core.shell:Creating package script '/home/mart/dev/karelics_vesc_ros2/src/karelics_vesc_can_driver/install/karelics_vesc_can_driver/share/karelics_vesc_can_driver/package.ps1'
[0.417s] INFO:colcon.colcon_core.shell:Creating package descriptor '/home/mart/dev/karelics_vesc_ros2/src/karelics_vesc_can_driver/install/karelics_vesc_can_driver/share/karelics_vesc_can_driver/package.dsv'
[0.418s] INFO:colcon.colcon_core.shell:Creating package script '/home/mart/dev/karelics_vesc_ros2/src/karelics_vesc_can_driver/install/karelics_vesc_can_driver/share/karelics_vesc_can_driver/package.sh'
[0.418s] INFO:colcon.colcon_core.shell:Creating package script '/home/mart/dev/karelics_vesc_ros2/src/karelics_vesc_can_driver/install/karelics_vesc_can_driver/share/karelics_vesc_can_driver/package.bash'
[0.419s] INFO:colcon.colcon_core.shell:Creating package script '/home/mart/dev/karelics_vesc_ros2/src/karelics_vesc_can_driver/install/karelics_vesc_can_driver/share/karelics_vesc_can_driver/package.zsh'
[0.419s] Level 1:colcon.colcon_core.environment:create_file_with_runtime_dependencies(/home/mart/dev/karelics_vesc_ros2/src/karelics_vesc_can_driver/install/karelics_vesc_can_driver/share/colcon-core/packages/karelics_vesc_can_driver)
[0.430s] DEBUG:colcon.colcon_parallel_executor.executor.parallel:closing loop
[0.430s] DEBUG:colcon.colcon_parallel_executor.executor.parallel:loop closed
[0.430s] DEBUG:colcon.colcon_parallel_executor.executor.parallel:run_until_complete finished with '1'
[0.430s] DEBUG:colcon.colcon_core.event_reactor:joining thread
[0.435s] INFO:colcon.colcon_core.plugin_system:Skipping extension 'colcon_notification.desktop_notification.terminal_notifier': Not used on non-Darwin systems
[0.435s] INFO:colcon.colcon_core.plugin_system:Skipping extension 'colcon_notification.desktop_notification.win32': Not used on non-Windows systems
[0.435s] INFO:colcon.colcon_notification.desktop_notification:Sending desktop notification using 'notify2'
[0.442s] DEBUG:colcon.colcon_core.event_reactor:joined thread
[0.442s] INFO:colcon.colcon_core.shell:Creating prefix script '/home/mart/dev/karelics_vesc_ros2/src/karelics_vesc_can_driver/install/local_setup.ps1'
[0.443s] INFO:colcon.colcon_core.shell:Creating prefix util module '/home/mart/dev/karelics_vesc_ros2/src/karelics_vesc_can_driver/install/_local_setup_util_ps1.py'
[0.444s] INFO:colcon.colcon_core.shell:Creating prefix chain script '/home/mart/dev/karelics_vesc_ros2/src/karelics_vesc_can_driver/install/setup.ps1'
[0.446s] INFO:colcon.colcon_core.shell:Creating prefix script '/home/mart/dev/karelics_vesc_ros2/src/karelics_vesc_can_driver/install/local_setup.sh'
[0.446s] INFO:colcon.colcon_core.shell:Creating prefix util module '/home/mart/dev/karelics_vesc_ros2/src/karelics_vesc_can_driver/install/_local_setup_util_sh.py'
[0.446s] INFO:colcon.colcon_core.shell:Creating prefix chain script '/home/mart/dev/karelics_vesc_ros2/src/karelics_vesc_can_driver/install/setup.sh'
[0.448s] INFO:colcon.colcon_core.shell:Creating prefix script '/home/mart/dev/karelics_vesc_ros2/src/karelics_vesc_can_driver/install/local_setup.bash'
[0.449s] INFO:colcon.colcon_core.shell:Creating prefix chain script '/home/mart/dev/karelics_vesc_ros2/src/karelics_vesc_can_driver/install/setup.bash'
[0.450s] INFO:colcon.colcon_core.shell:Creating prefix script '/home/mart/dev/karelics_vesc_ros2/src/karelics_vesc_can_driver/install/local_setup.zsh'
[0.450s] INFO:colcon.colcon_core.shell:Creating prefix chain script '/home/mart/dev/karelics_vesc_ros2/src/karelics_vesc_can_driver/install/setup.zsh'
