[  3%] Built target karelics_vesc_can_driver__cpp
[ 12%] Built target karelics_vesc_can_driver__rosidl_generator_c
[ 51%] Built target karelics_vesc_can_driver__rosidl_typesupport_c
[ 51%] Built target karelics_vesc_can_driver__rosidl_typesupport_introspection_cpp
[ 51%] Built target karelics_vesc_can_driver__rosidl_typesupport_cpp
[ 51%] Built target karelics_vesc_can_driver__rosidl_typesupport_introspection_c
[ 61%] Built target karelics_vesc_can_driver__rosidl_typesupport_fastrtps_cpp
[ 70%] Built target karelics_vesc_can_driver__rosidl_typesupport_fastrtps_c
[ 70%] Built target karelics_vesc_can_driver
[ 74%] Built target karelics_vesc_can_driver__py
[ 80%] Built target karelics_vesc_can_driver__python
[ 93%] Built target karelics_vesc_can_driver__rosidl_typesupport_introspection_c__pyext
[ 93%] Built target karelics_vesc_can_driver__rosidl_typesupport_fastrtps_c__pyext
[100%] Built target karelics_vesc_can_driver__rosidl_typesupport_c__pyext
-- Install configuration: ""
-- Up-to-date: /home/mart/dev/karelics_vesc/src/karelics_vesc_can_driver/install/karelics_vesc_can_driver/share/ament_index/resource_index/rosidl_interfaces/karelics_vesc_can_driver
-- Up-to-date: /home/mart/dev/karelics_vesc/src/karelics_vesc_can_driver/install/karelics_vesc_can_driver/include/karelics_vesc_can_driver
-- Up-to-date: /home/mart/dev/karelics_vesc/src/karelics_vesc_can_driver/install/karelics_vesc_can_driver/include/karelics_vesc_can_driver/msg
-- Up-to-date: /home/mart/dev/karelics_vesc/src/karelics_vesc_can_driver/install/karelics_vesc_can_driver/include/karelics_vesc_can_driver/msg/detail
-- Up-to-date: /home/mart/dev/karelics_vesc/src/karelics_vesc_can_driver/install/karelics_vesc_can_driver/include/karelics_vesc_can_driver/msg/detail/vesc_status__struct.h
-- Up-to-date: /home/mart/dev/karelics_vesc/src/karelics_vesc_can_driver/install/karelics_vesc_can_driver/include/karelics_vesc_can_driver/msg/detail/vesc_status__type_support.h
-- Up-to-date: /home/mart/dev/karelics_vesc/src/karelics_vesc_can_driver/install/karelics_vesc_can_driver/include/karelics_vesc_can_driver/msg/detail/vesc_status__functions.h
-- Up-to-date: /home/mart/dev/karelics_vesc/src/karelics_vesc_can_driver/install/karelics_vesc_can_driver/include/karelics_vesc_can_driver/msg/detail/vesc_status__functions.c
-- Up-to-date: /home/mart/dev/karelics_vesc/src/karelics_vesc_can_driver/install/karelics_vesc_can_driver/include/karelics_vesc_can_driver/msg/rosidl_generator_c__visibility_control.h
-- Up-to-date: /home/mart/dev/karelics_vesc/src/karelics_vesc_can_driver/install/karelics_vesc_can_driver/include/karelics_vesc_can_driver/msg/vesc_status.h
-- Up-to-date: /home/mart/dev/karelics_vesc/src/karelics_vesc_can_driver/install/karelics_vesc_can_driver/share/karelics_vesc_can_driver/environment/library_path.sh
-- Up-to-date: /home/mart/dev/karelics_vesc/src/karelics_vesc_can_driver/install/karelics_vesc_can_driver/share/karelics_vesc_can_driver/environment/library_path.dsv
-- Up-to-date: /home/mart/dev/karelics_vesc/src/karelics_vesc_can_driver/install/karelics_vesc_can_driver/lib/libkarelics_vesc_can_driver__rosidl_generator_c.so
-- Up-to-date: /home/mart/dev/karelics_vesc/src/karelics_vesc_can_driver/install/karelics_vesc_can_driver/include/karelics_vesc_can_driver
-- Up-to-date: /home/mart/dev/karelics_vesc/src/karelics_vesc_can_driver/install/karelics_vesc_can_driver/include/karelics_vesc_can_driver/msg
-- Up-to-date: /home/mart/dev/karelics_vesc/src/karelics_vesc_can_driver/install/karelics_vesc_can_driver/include/karelics_vesc_can_driver/msg/detail
-- Up-to-date: /home/mart/dev/karelics_vesc/src/karelics_vesc_can_driver/install/karelics_vesc_can_driver/include/karelics_vesc_can_driver/msg/detail/vesc_status__rosidl_typesupport_fastrtps_c.h
-- Up-to-date: /home/mart/dev/karelics_vesc/src/karelics_vesc_can_driver/install/karelics_vesc_can_driver/include/karelics_vesc_can_driver/msg/rosidl_typesupport_fastrtps_c__visibility_control.h
-- Up-to-date: /home/mart/dev/karelics_vesc/src/karelics_vesc_can_driver/install/karelics_vesc_can_driver/lib/libkarelics_vesc_can_driver__rosidl_typesupport_fastrtps_c.so
-- Up-to-date: /home/mart/dev/karelics_vesc/src/karelics_vesc_can_driver/install/karelics_vesc_can_driver/include/karelics_vesc_can_driver
-- Up-to-date: /home/mart/dev/karelics_vesc/src/karelics_vesc_can_driver/install/karelics_vesc_can_driver/include/karelics_vesc_can_driver/msg
-- Up-to-date: /home/mart/dev/karelics_vesc/src/karelics_vesc_can_driver/install/karelics_vesc_can_driver/include/karelics_vesc_can_driver/msg/detail
-- Up-to-date: /home/mart/dev/karelics_vesc/src/karelics_vesc_can_driver/install/karelics_vesc_can_driver/include/karelics_vesc_can_driver/msg/detail/dds_fastrtps
-- Up-to-date: /home/mart/dev/karelics_vesc/src/karelics_vesc_can_driver/install/karelics_vesc_can_driver/include/karelics_vesc_can_driver/msg/detail/vesc_status__rosidl_typesupport_fastrtps_cpp.hpp
-- Up-to-date: /home/mart/dev/karelics_vesc/src/karelics_vesc_can_driver/install/karelics_vesc_can_driver/include/karelics_vesc_can_driver/msg/rosidl_typesupport_fastrtps_cpp__visibility_control.h
-- Up-to-date: /home/mart/dev/karelics_vesc/src/karelics_vesc_can_driver/install/karelics_vesc_can_driver/lib/libkarelics_vesc_can_driver__rosidl_typesupport_fastrtps_cpp.so
-- Up-to-date: /home/mart/dev/karelics_vesc/src/karelics_vesc_can_driver/install/karelics_vesc_can_driver/include/karelics_vesc_can_driver
-- Up-to-date: /home/mart/dev/karelics_vesc/src/karelics_vesc_can_driver/install/karelics_vesc_can_driver/include/karelics_vesc_can_driver/msg
-- Up-to-date: /home/mart/dev/karelics_vesc/src/karelics_vesc_can_driver/install/karelics_vesc_can_driver/include/karelics_vesc_can_driver/msg/detail
-- Up-to-date: /home/mart/dev/karelics_vesc/src/karelics_vesc_can_driver/install/karelics_vesc_can_driver/include/karelics_vesc_can_driver/msg/detail/vesc_status__type_support.c
-- Up-to-date: /home/mart/dev/karelics_vesc/src/karelics_vesc_can_driver/install/karelics_vesc_can_driver/include/karelics_vesc_can_driver/msg/detail/vesc_status__rosidl_typesupport_introspection_c.h
-- Up-to-date: /home/mart/dev/karelics_vesc/src/karelics_vesc_can_driver/install/karelics_vesc_can_driver/include/karelics_vesc_can_driver/msg/rosidl_typesupport_introspection_c__visibility_control.h
-- Up-to-date: /home/mart/dev/karelics_vesc/src/karelics_vesc_can_driver/install/karelics_vesc_can_driver/lib/libkarelics_vesc_can_driver__rosidl_typesupport_introspection_c.so
-- Up-to-date: /home/mart/dev/karelics_vesc/src/karelics_vesc_can_driver/install/karelics_vesc_can_driver/lib/libkarelics_vesc_can_driver__rosidl_typesupport_c.so
-- Up-to-date: /home/mart/dev/karelics_vesc/src/karelics_vesc_can_driver/install/karelics_vesc_can_driver/include/karelics_vesc_can_driver
-- Up-to-date: /home/mart/dev/karelics_vesc/src/karelics_vesc_can_driver/install/karelics_vesc_can_driver/include/karelics_vesc_can_driver/msg
-- Up-to-date: /home/mart/dev/karelics_vesc/src/karelics_vesc_can_driver/install/karelics_vesc_can_driver/include/karelics_vesc_can_driver/msg/detail
-- Up-to-date: /home/mart/dev/karelics_vesc/src/karelics_vesc_can_driver/install/karelics_vesc_can_driver/include/karelics_vesc_can_driver/msg/detail/vesc_status__builder.hpp
-- Up-to-date: /home/mart/dev/karelics_vesc/src/karelics_vesc_can_driver/install/karelics_vesc_can_driver/include/karelics_vesc_can_driver/msg/detail/vesc_status__struct.hpp
-- Up-to-date: /home/mart/dev/karelics_vesc/src/karelics_vesc_can_driver/install/karelics_vesc_can_driver/include/karelics_vesc_can_driver/msg/detail/vesc_status__traits.hpp
-- Up-to-date: /home/mart/dev/karelics_vesc/src/karelics_vesc_can_driver/install/karelics_vesc_can_driver/include/karelics_vesc_can_driver/msg/vesc_status.hpp
-- Up-to-date: /home/mart/dev/karelics_vesc/src/karelics_vesc_can_driver/install/karelics_vesc_can_driver/include/karelics_vesc_can_driver
-- Up-to-date: /home/mart/dev/karelics_vesc/src/karelics_vesc_can_driver/install/karelics_vesc_can_driver/include/karelics_vesc_can_driver/msg
-- Up-to-date: /home/mart/dev/karelics_vesc/src/karelics_vesc_can_driver/install/karelics_vesc_can_driver/include/karelics_vesc_can_driver/msg/detail
-- Up-to-date: /home/mart/dev/karelics_vesc/src/karelics_vesc_can_driver/install/karelics_vesc_can_driver/include/karelics_vesc_can_driver/msg/detail/vesc_status__type_support.cpp
-- Up-to-date: /home/mart/dev/karelics_vesc/src/karelics_vesc_can_driver/install/karelics_vesc_can_driver/include/karelics_vesc_can_driver/msg/detail/vesc_status__rosidl_typesupport_introspection_cpp.hpp
-- Up-to-date: /home/mart/dev/karelics_vesc/src/karelics_vesc_can_driver/install/karelics_vesc_can_driver/lib/libkarelics_vesc_can_driver__rosidl_typesupport_introspection_cpp.so
-- Up-to-date: /home/mart/dev/karelics_vesc/src/karelics_vesc_can_driver/install/karelics_vesc_can_driver/lib/libkarelics_vesc_can_driver__rosidl_typesupport_cpp.so
-- Up-to-date: /home/mart/dev/karelics_vesc/src/karelics_vesc_can_driver/install/karelics_vesc_can_driver/share/karelics_vesc_can_driver/environment/pythonpath.sh
-- Up-to-date: /home/mart/dev/karelics_vesc/src/karelics_vesc_can_driver/install/karelics_vesc_can_driver/share/karelics_vesc_can_driver/environment/pythonpath.dsv
-- Up-to-date: /home/mart/dev/karelics_vesc/src/karelics_vesc_can_driver/install/karelics_vesc_can_driver/lib/python3.8/site-packages/karelics_vesc_can_driver/__init__.py
-- Up-to-date: /home/mart/dev/karelics_vesc/src/karelics_vesc_can_driver/install/karelics_vesc_can_driver/lib/python3.8/site-packages/karelics_vesc_can_driver/msg
-- Up-to-date: /home/mart/dev/karelics_vesc/src/karelics_vesc_can_driver/install/karelics_vesc_can_driver/lib/python3.8/site-packages/karelics_vesc_can_driver/msg/_vesc_status_s.c
-- Up-to-date: /home/mart/dev/karelics_vesc/src/karelics_vesc_can_driver/install/karelics_vesc_can_driver/lib/python3.8/site-packages/karelics_vesc_can_driver/msg/__init__.py
-- Up-to-date: /home/mart/dev/karelics_vesc/src/karelics_vesc_can_driver/install/karelics_vesc_can_driver/lib/python3.8/site-packages/karelics_vesc_can_driver/msg/_vesc_status.py
-- Up-to-date: /home/mart/dev/karelics_vesc/src/karelics_vesc_can_driver/install/karelics_vesc_can_driver/lib/python3.8/site-packages/karelics_vesc_can_driver/karelics_vesc_can_driver_s__rosidl_typesupport_fastrtps_c.cpython-38-x86_64-linux-gnu.so
-- Up-to-date: /home/mart/dev/karelics_vesc/src/karelics_vesc_can_driver/install/karelics_vesc_can_driver/lib/python3.8/site-packages/karelics_vesc_can_driver/karelics_vesc_can_driver_s__rosidl_typesupport_introspection_c.cpython-38-x86_64-linux-gnu.so
-- Up-to-date: /home/mart/dev/karelics_vesc/src/karelics_vesc_can_driver/install/karelics_vesc_can_driver/lib/python3.8/site-packages/karelics_vesc_can_driver/karelics_vesc_can_driver_s__rosidl_typesupport_c.cpython-38-x86_64-linux-gnu.so
-- Up-to-date: /home/mart/dev/karelics_vesc/src/karelics_vesc_can_driver/install/karelics_vesc_can_driver/lib/libkarelics_vesc_can_driver__python.so
-- Up-to-date: /home/mart/dev/karelics_vesc/src/karelics_vesc_can_driver/install/karelics_vesc_can_driver/share/karelics_vesc_can_driver/msg/VescStatus.idl
-- Up-to-date: /home/mart/dev/karelics_vesc/src/karelics_vesc_can_driver/install/karelics_vesc_can_driver/share/karelics_vesc_can_driver/msg/VescStatus.msg
-- Up-to-date: /home/mart/dev/karelics_vesc/src/karelics_vesc_can_driver/install/karelics_vesc_can_driver/share/ament_index/resource_index/package_run_dependencies/karelics_vesc_can_driver
-- Up-to-date: /home/mart/dev/karelics_vesc/src/karelics_vesc_can_driver/install/karelics_vesc_can_driver/share/ament_index/resource_index/parent_prefix_path/karelics_vesc_can_driver
-- Up-to-date: /home/mart/dev/karelics_vesc/src/karelics_vesc_can_driver/install/karelics_vesc_can_driver/share/karelics_vesc_can_driver/environment/ament_prefix_path.sh
-- Up-to-date: /home/mart/dev/karelics_vesc/src/karelics_vesc_can_driver/install/karelics_vesc_can_driver/share/karelics_vesc_can_driver/environment/ament_prefix_path.dsv
-- Up-to-date: /home/mart/dev/karelics_vesc/src/karelics_vesc_can_driver/install/karelics_vesc_can_driver/share/karelics_vesc_can_driver/environment/path.sh
-- Up-to-date: /home/mart/dev/karelics_vesc/src/karelics_vesc_can_driver/install/karelics_vesc_can_driver/share/karelics_vesc_can_driver/environment/path.dsv
-- Up-to-date: /home/mart/dev/karelics_vesc/src/karelics_vesc_can_driver/install/karelics_vesc_can_driver/share/karelics_vesc_can_driver/local_setup.bash
-- Up-to-date: /home/mart/dev/karelics_vesc/src/karelics_vesc_can_driver/install/karelics_vesc_can_driver/share/karelics_vesc_can_driver/local_setup.sh
-- Up-to-date: /home/mart/dev/karelics_vesc/src/karelics_vesc_can_driver/install/karelics_vesc_can_driver/share/karelics_vesc_can_driver/local_setup.zsh
-- Up-to-date: /home/mart/dev/karelics_vesc/src/karelics_vesc_can_driver/install/karelics_vesc_can_driver/share/karelics_vesc_can_driver/local_setup.dsv
-- Installing: /home/mart/dev/karelics_vesc/src/karelics_vesc_can_driver/install/karelics_vesc_can_driver/share/karelics_vesc_can_driver/package.dsv
-- Up-to-date: /home/mart/dev/karelics_vesc/src/karelics_vesc_can_driver/install/karelics_vesc_can_driver/share/ament_index/resource_index/packages/karelics_vesc_can_driver
-- Up-to-date: /home/mart/dev/karelics_vesc/src/karelics_vesc_can_driver/install/karelics_vesc_can_driver/share/karelics_vesc_can_driver/cmake/karelics_vesc_can_driver__rosidl_generator_cExport.cmake
-- Up-to-date: /home/mart/dev/karelics_vesc/src/karelics_vesc_can_driver/install/karelics_vesc_can_driver/share/karelics_vesc_can_driver/cmake/karelics_vesc_can_driver__rosidl_generator_cExport-noconfig.cmake
-- Up-to-date: /home/mart/dev/karelics_vesc/src/karelics_vesc_can_driver/install/karelics_vesc_can_driver/share/karelics_vesc_can_driver/cmake/karelics_vesc_can_driver__rosidl_typesupport_introspection_cExport.cmake
-- Up-to-date: /home/mart/dev/karelics_vesc/src/karelics_vesc_can_driver/install/karelics_vesc_can_driver/share/karelics_vesc_can_driver/cmake/karelics_vesc_can_driver__rosidl_typesupport_introspection_cExport-noconfig.cmake
-- Up-to-date: /home/mart/dev/karelics_vesc/src/karelics_vesc_can_driver/install/karelics_vesc_can_driver/share/karelics_vesc_can_driver/cmake/karelics_vesc_can_driver__rosidl_typesupport_cExport.cmake
-- Up-to-date: /home/mart/dev/karelics_vesc/src/karelics_vesc_can_driver/install/karelics_vesc_can_driver/share/karelics_vesc_can_driver/cmake/karelics_vesc_can_driver__rosidl_typesupport_cExport-noconfig.cmake
-- Up-to-date: /home/mart/dev/karelics_vesc/src/karelics_vesc_can_driver/install/karelics_vesc_can_driver/share/karelics_vesc_can_driver/cmake/karelics_vesc_can_driver__rosidl_generator_cppExport.cmake
-- Up-to-date: /home/mart/dev/karelics_vesc/src/karelics_vesc_can_driver/install/karelics_vesc_can_driver/share/karelics_vesc_can_driver/cmake/karelics_vesc_can_driver__rosidl_typesupport_introspection_cppExport.cmake
-- Up-to-date: /home/mart/dev/karelics_vesc/src/karelics_vesc_can_driver/install/karelics_vesc_can_driver/share/karelics_vesc_can_driver/cmake/karelics_vesc_can_driver__rosidl_typesupport_introspection_cppExport-noconfig.cmake
-- Up-to-date: /home/mart/dev/karelics_vesc/src/karelics_vesc_can_driver/install/karelics_vesc_can_driver/share/karelics_vesc_can_driver/cmake/karelics_vesc_can_driver__rosidl_typesupport_cppExport.cmake
-- Up-to-date: /home/mart/dev/karelics_vesc/src/karelics_vesc_can_driver/install/karelics_vesc_can_driver/share/karelics_vesc_can_driver/cmake/karelics_vesc_can_driver__rosidl_typesupport_cppExport-noconfig.cmake
-- Up-to-date: /home/mart/dev/karelics_vesc/src/karelics_vesc_can_driver/install/karelics_vesc_can_driver/share/karelics_vesc_can_driver/cmake/rosidl_cmake-extras.cmake
-- Up-to-date: /home/mart/dev/karelics_vesc/src/karelics_vesc_can_driver/install/karelics_vesc_can_driver/share/karelics_vesc_can_driver/cmake/ament_cmake_export_dependencies-extras.cmake
-- Up-to-date: /home/mart/dev/karelics_vesc/src/karelics_vesc_can_driver/install/karelics_vesc_can_driver/share/karelics_vesc_can_driver/cmake/ament_cmake_export_libraries-extras.cmake
-- Up-to-date: /home/mart/dev/karelics_vesc/src/karelics_vesc_can_driver/install/karelics_vesc_can_driver/share/karelics_vesc_can_driver/cmake/ament_cmake_export_targets-extras.cmake
-- Up-to-date: /home/mart/dev/karelics_vesc/src/karelics_vesc_can_driver/install/karelics_vesc_can_driver/share/karelics_vesc_can_driver/cmake/ament_cmake_export_include_directories-extras.cmake
-- Up-to-date: /home/mart/dev/karelics_vesc/src/karelics_vesc_can_driver/install/karelics_vesc_can_driver/share/karelics_vesc_can_driver/cmake/rosidl_cmake_export_typesupport_libraries-extras.cmake
-- Up-to-date: /home/mart/dev/karelics_vesc/src/karelics_vesc_can_driver/install/karelics_vesc_can_driver/share/karelics_vesc_can_driver/cmake/rosidl_cmake_export_typesupport_targets-extras.cmake
-- Up-to-date: /home/mart/dev/karelics_vesc/src/karelics_vesc_can_driver/install/karelics_vesc_can_driver/share/karelics_vesc_can_driver/cmake/karelics_vesc_can_driverConfig.cmake
-- Up-to-date: /home/mart/dev/karelics_vesc/src/karelics_vesc_can_driver/install/karelics_vesc_can_driver/share/karelics_vesc_can_driver/cmake/karelics_vesc_can_driverConfig-version.cmake
-- Up-to-date: /home/mart/dev/karelics_vesc/src/karelics_vesc_can_driver/install/karelics_vesc_can_driver/share/karelics_vesc_can_driver/package.xml
