[0.010s] Invoking command in '/home/mart/dev/karelics_vesc_ros2/src/karelics_vesc_can_driver/build/karelics_vesc_can_driver': CMAKE_PREFIX_PATH=/opt/ros/foxy /usr/bin/cmake /home/mart/dev/karelics_vesc_ros2/src/karelics_vesc_can_driver -DCMAKE_INSTALL_PREFIX=/home/mart/dev/karelics_vesc_ros2/src/karelics_vesc_can_driver/install/karelics_vesc_can_driver
[0.099s] -- The C compiler identification is GNU 9.3.0
[0.168s] -- The CXX compiler identification is GNU 9.3.0
[0.171s] -- Check for working C compiler: /usr/lib/ccache/cc
[0.204s] -- Check for working C compiler: /usr/lib/ccache/cc -- works
[0.205s] -- Detecting C compiler ABI info
[0.239s] -- Detecting C compiler ABI info - done
[0.247s] -- Detecting C compile features
[0.247s] -- Detecting C compile features - done
[0.249s] -- Check for working CXX compiler: /usr/lib/ccache/c++
[0.289s] -- Check for working CXX compiler: /usr/lib/ccache/c++ -- works
[0.290s] -- Detecting CXX compiler ABI info
[0.330s] -- Detecting CXX compiler ABI info - done
[0.339s] -- Detecting CXX compile features
[0.339s] -- Detecting CXX compile features - done
[0.340s] -- Found ament_cmake: 0.9.8 (/opt/ros/foxy/share/ament_cmake/cmake)
[0.358s] -- Found PythonInterp: /usr/bin/python3 (found suitable version "3.8.5", minimum required is "3") 
[0.358s] -- Using PYTHON_EXECUTABLE: /usr/bin/python3
[0.536s] -- Found rosidl_default_generators: 1.0.1 (/opt/ros/foxy/share/rosidl_default_generators/cmake)
[0.538s] -- Using all available rosidl_typesupport_c: rosidl_typesupport_fastrtps_c;rosidl_typesupport_introspection_c
[0.542s] -- Found rosidl_adapter: 1.2.1 (/opt/ros/foxy/share/rosidl_adapter/cmake)
[0.602s] -- Found OpenSSL: /usr/lib/x86_64-linux-gnu/libcrypto.so (found version "1.1.1f")  
[0.622s] -- Found FastRTPS: /opt/ros/foxy/include  
[0.677s] -- Using all available rosidl_typesupport_cpp: rosidl_typesupport_fastrtps_cpp;rosidl_typesupport_introspection_cpp
[0.695s] -- Found std_msgs: 2.0.4 (/opt/ros/foxy/share/std_msgs/cmake)
[0.734s] -- Found PythonInterp: /usr/bin/python3 (found version "3.8.5") 
[0.819s] -- Found ament_cmake_ros: 0.9.1 (/opt/ros/foxy/share/ament_cmake_ros/cmake)
[0.888s] -- Using all available rosidl_typesupport_c: rosidl_typesupport_fastrtps_c;rosidl_typesupport_introspection_c
[0.892s] -- Using all available rosidl_typesupport_cpp: rosidl_typesupport_fastrtps_cpp;rosidl_typesupport_introspection_cpp
[0.909s] -- Found PythonInterp: /usr/bin/python3 (found suitable version "3.8.5", minimum required is "3.5") 
[0.910s] -- Found python_cmake_module: 0.8.1 (/opt/ros/foxy/share/python_cmake_module/cmake)
[0.930s] -- Found PythonLibs: /usr/lib/x86_64-linux-gnu/libpython3.8.so (found suitable version "3.8.5", minimum required is "3.5") 
[0.930s] -- Using PYTHON_EXECUTABLE: /usr/bin/python3
[0.930s] -- Using PYTHON_INCLUDE_DIRS: /usr/include/python3.8
[0.930s] -- Using PYTHON_LIBRARIES: /usr/lib/x86_64-linux-gnu/libpython3.8.so
[0.946s] -- Found PythonExtra: .so  
[0.974s] -- Found ament_lint_auto: 0.9.6 (/opt/ros/foxy/share/ament_lint_auto/cmake)
[0.986s] -- Added test 'copyright' to check source files copyright and LICENSE
[0.996s] -- Added test 'cppcheck' to perform static code analysis on C / C++ code
[0.997s] -- Configured cppcheck include dirs: $<BUILD_INTERFACE:/home/mart/dev/karelics_vesc_ros2/src/karelics_vesc_can_driver/build/karelics_vesc_can_driver/rosidl_generator_c>;/home/mart/dev/karelics_vesc_ros2/src/karelics_vesc_can_driver/build/karelics_vesc_can_driver/rosidl_generator_c;/home/mart/dev/karelics_vesc_ros2/src/karelics_vesc_can_driver/build/karelics_vesc_can_driver/rosidl_generator_cpp;/home/mart/dev/karelics_vesc_ros2/src/karelics_vesc_can_driver/build/karelics_vesc_can_driver/rosidl_typesupport_fastrtps_c;/home/mart/dev/karelics_vesc_ros2/src/karelics_vesc_can_driver/build/karelics_vesc_can_driver/rosidl_typesupport_fastrtps_cpp;$<BUILD_INTERFACE:/home/mart/dev/karelics_vesc_ros2/src/karelics_vesc_can_driver/build/karelics_vesc_can_driver/rosidl_typesupport_introspection_c>;$<BUILD_INTERFACE:/home/mart/dev/karelics_vesc_ros2/src/karelics_vesc_can_driver/build/karelics_vesc_can_driver/rosidl_typesupport_c>;$<BUILD_INTERFACE:/home/mart/dev/karelics_vesc_ros2/src/karelics_vesc_can_driver/build/karelics_vesc_can_driver/rosidl_generator_cpp>;/home/mart/dev/karelics_vesc_ros2/src/karelics_vesc_can_driver/build/karelics_vesc_can_driver/rosidl_generator_py
[0.997s] -- Configured cppcheck exclude dirs and/or files: 
[1.007s] -- Added test 'cpplint' to check C / C++ code against the Google style
[1.007s] -- Configured cpplint exclude dirs and/or files: 
[1.009s] -- Added test 'flake8' to check Python code syntax and style conventions
[1.011s] -- Added test 'lint_cmake' to check CMake code style
[1.013s] -- Added test 'pep257' to check Python code against some of the style conventions in PEP 257
[1.023s] -- Added test 'uncrustify' to check C / C++ code style
[1.023s] -- Configured uncrustify additional arguments: 
[1.024s] -- Added test 'xmllint' to check XML markup files
[1.027s] -- Configuring done
[1.047s] -- Generating done
[1.049s] -- Build files have been written to: /home/mart/dev/karelics_vesc_ros2/src/karelics_vesc_can_driver/build/karelics_vesc_can_driver
[1.054s] Invoked command in '/home/mart/dev/karelics_vesc_ros2/src/karelics_vesc_can_driver/build/karelics_vesc_can_driver' returned '0': CMAKE_PREFIX_PATH=/opt/ros/foxy /usr/bin/cmake /home/mart/dev/karelics_vesc_ros2/src/karelics_vesc_can_driver -DCMAKE_INSTALL_PREFIX=/home/mart/dev/karelics_vesc_ros2/src/karelics_vesc_can_driver/install/karelics_vesc_can_driver
[1.056s] Invoking command in '/home/mart/dev/karelics_vesc_ros2/src/karelics_vesc_can_driver/build/karelics_vesc_can_driver': CMAKE_PREFIX_PATH=/opt/ros/foxy /usr/bin/cmake --build /home/mart/dev/karelics_vesc_ros2/src/karelics_vesc_can_driver/build/karelics_vesc_can_driver -- -j12 -l12
[1.081s] [  3%] [34m[1mGenerating C code for ROS interfaces[0m
[1.081s] [35m[1mScanning dependencies of target karelics_vesc_can_driver__cpp[0m
[1.088s] [  6%] [34m[1mGenerating C++ code for ROS interfaces[0m
[1.289s] [35m[1mScanning dependencies of target karelics_vesc_can_driver__rosidl_generator_c[0m
[1.297s] [  9%] [32mBuilding C object CMakeFiles/karelics_vesc_can_driver__rosidl_generator_c.dir/rosidl_generator_c/karelics_vesc_can_driver/msg/detail/vesc_status__functions.c.o[0m
[1.297s] [  9%] Built target karelics_vesc_can_driver__cpp
[1.304s] [ 19%] [34m[1mGenerating C++ type support dispatch for ROS interfaces[0m
[1.305s] [ 19%] [34m[1mGenerating C++ introspection for ROS interfaces[0m
[1.305s] [ 19%] [34m[1mGenerating C++ type support for eProsima Fast-RTPS[0m
[1.339s] [ 22%] [32m[1mLinking C shared library libkarelics_vesc_can_driver__rosidl_generator_c.so[0m
[1.362s] [ 22%] Built target karelics_vesc_can_driver__rosidl_generator_c
[1.369s] [ 29%] [34m[1mGenerating C type support dispatch for ROS interfaces[0m
[1.369s] [ 29%] [34m[1mGenerating C introspection for ROS interfaces[0m
[1.499s] [35m[1mScanning dependencies of target karelics_vesc_can_driver__rosidl_typesupport_cpp[0m
[1.508s] [ 32%] [32mBuilding CXX object CMakeFiles/karelics_vesc_can_driver__rosidl_typesupport_cpp.dir/rosidl_typesupport_cpp/karelics_vesc_can_driver/msg/vesc_status__type_support.cpp.o[0m
[1.511s] [35m[1mScanning dependencies of target karelics_vesc_can_driver__rosidl_typesupport_introspection_cpp[0m
[1.519s] [ 35%] [32mBuilding CXX object CMakeFiles/karelics_vesc_can_driver__rosidl_typesupport_introspection_cpp.dir/rosidl_typesupport_introspection_cpp/karelics_vesc_can_driver/msg/detail/vesc_status__type_support.cpp.o[0m
[1.522s] [35m[1mScanning dependencies of target karelics_vesc_can_driver__rosidl_typesupport_fastrtps_cpp[0m
[1.532s] [ 38%] [32mBuilding CXX object CMakeFiles/karelics_vesc_can_driver__rosidl_typesupport_fastrtps_cpp.dir/rosidl_typesupport_fastrtps_cpp/karelics_vesc_can_driver/msg/detail/dds_fastrtps/vesc_status__type_support.cpp.o[0m
[1.564s] [35m[1mScanning dependencies of target karelics_vesc_can_driver__rosidl_typesupport_c[0m
[1.572s] [ 41%] [32mBuilding CXX object CMakeFiles/karelics_vesc_can_driver__rosidl_typesupport_c.dir/rosidl_typesupport_c/karelics_vesc_can_driver/msg/vesc_status__type_support.cpp.o[0m
[1.580s] [35m[1mScanning dependencies of target karelics_vesc_can_driver__rosidl_typesupport_introspection_c[0m
[1.589s] [ 45%] [32mBuilding C object CMakeFiles/karelics_vesc_can_driver__rosidl_typesupport_introspection_c.dir/rosidl_typesupport_introspection_c/karelics_vesc_can_driver/msg/detail/vesc_status__type_support.c.o[0m
[1.608s] [ 48%] [32m[1mLinking CXX shared library libkarelics_vesc_can_driver__rosidl_typesupport_c.so[0m
[1.621s] [ 51%] [32m[1mLinking C shared library libkarelics_vesc_can_driver__rosidl_typesupport_introspection_c.so[0m
[1.636s] [ 51%] Built target karelics_vesc_can_driver__rosidl_typesupport_c
[1.641s] [ 51%] Built target karelics_vesc_can_driver__rosidl_typesupport_introspection_c
[1.770s] [ 54%] [32m[1mLinking CXX shared library libkarelics_vesc_can_driver__rosidl_typesupport_cpp.so[0m
[1.773s] [ 58%] [32m[1mLinking CXX shared library libkarelics_vesc_can_driver__rosidl_typesupport_introspection_cpp.so[0m
[1.799s] [ 58%] Built target karelics_vesc_can_driver__rosidl_typesupport_cpp
[1.815s] [ 58%] Built target karelics_vesc_can_driver__rosidl_typesupport_introspection_cpp
[1.893s] [ 61%] [32m[1mLinking CXX shared library libkarelics_vesc_can_driver__rosidl_typesupport_fastrtps_cpp.so[0m
[1.946s] [ 61%] Built target karelics_vesc_can_driver__rosidl_typesupport_fastrtps_cpp
[1.952s] [ 64%] [34m[1mGenerating C type support for eProsima Fast-RTPS[0m
[2.156s] [35m[1mScanning dependencies of target karelics_vesc_can_driver__rosidl_typesupport_fastrtps_c[0m
[2.164s] [ 67%] [32mBuilding CXX object CMakeFiles/karelics_vesc_can_driver__rosidl_typesupport_fastrtps_c.dir/rosidl_typesupport_fastrtps_c/karelics_vesc_can_driver/msg/detail/vesc_status__type_support_c.cpp.o[0m
[2.447s] [ 70%] [32m[1mLinking CXX shared library libkarelics_vesc_can_driver__rosidl_typesupport_fastrtps_c.so[0m
[2.499s] [ 70%] Built target karelics_vesc_can_driver__rosidl_typesupport_fastrtps_c
[2.505s] [35m[1mScanning dependencies of target karelics_vesc_can_driver[0m
[2.511s] [ 70%] Built target karelics_vesc_can_driver
[2.517s] [35m[1mScanning dependencies of target karelics_vesc_can_driver__py[0m
[2.523s] [ 74%] [34m[1mGenerating Python code for ROS interfaces[0m
[2.937s] [ 74%] Built target karelics_vesc_can_driver__py
[2.943s] [35m[1mScanning dependencies of target karelics_vesc_can_driver__python[0m
[2.955s] [ 77%] [32mBuilding C object CMakeFiles/karelics_vesc_can_driver__python.dir/rosidl_generator_py/karelics_vesc_can_driver/msg/_vesc_status_s.c.o[0m
[3.058s] [ 80%] [32m[1mLinking C shared library rosidl_generator_py/karelics_vesc_can_driver/libkarelics_vesc_can_driver__python.so[0m
[3.083s] [ 80%] Built target karelics_vesc_can_driver__python
[3.090s] [35m[1mScanning dependencies of target karelics_vesc_can_driver__rosidl_typesupport_introspection_c__pyext[0m
[3.090s] [35m[1mScanning dependencies of target karelics_vesc_can_driver__rosidl_typesupport_c__pyext[0m
[3.090s] [35m[1mScanning dependencies of target karelics_vesc_can_driver__rosidl_typesupport_fastrtps_c__pyext[0m
[3.102s] [ 90%] [32mBuilding C object CMakeFiles/karelics_vesc_can_driver__rosidl_typesupport_introspection_c__pyext.dir/rosidl_generator_py/karelics_vesc_can_driver/_karelics_vesc_can_driver_s.ep.rosidl_typesupport_introspection_c.c.o[0m
[3.102s] [ 90%] [32mBuilding C object CMakeFiles/karelics_vesc_can_driver__rosidl_typesupport_fastrtps_c__pyext.dir/rosidl_generator_py/karelics_vesc_can_driver/_karelics_vesc_can_driver_s.ep.rosidl_typesupport_fastrtps_c.c.o[0m
[3.102s] [ 90%] [32mBuilding C object CMakeFiles/karelics_vesc_can_driver__rosidl_typesupport_c__pyext.dir/rosidl_generator_py/karelics_vesc_can_driver/_karelics_vesc_can_driver_s.ep.rosidl_typesupport_c.c.o[0m
[3.190s] [ 96%] [32m[1mLinking C shared library rosidl_generator_py/karelics_vesc_can_driver/karelics_vesc_can_driver_s__rosidl_typesupport_c.cpython-38-x86_64-linux-gnu.so[0m
[3.190s] [ 96%] [32m[1mLinking C shared library rosidl_generator_py/karelics_vesc_can_driver/karelics_vesc_can_driver_s__rosidl_typesupport_introspection_c.cpython-38-x86_64-linux-gnu.so[0m
[3.192s] [100%] [32m[1mLinking CXX shared library rosidl_generator_py/karelics_vesc_can_driver/karelics_vesc_can_driver_s__rosidl_typesupport_fastrtps_c.cpython-38-x86_64-linux-gnu.so[0m
[3.213s] [100%] Built target karelics_vesc_can_driver__rosidl_typesupport_introspection_c__pyext
[3.214s] [100%] Built target karelics_vesc_can_driver__rosidl_typesupport_c__pyext
[3.234s] [100%] Built target karelics_vesc_can_driver__rosidl_typesupport_fastrtps_c__pyext
[3.241s] Invoked command in '/home/mart/dev/karelics_vesc_ros2/src/karelics_vesc_can_driver/build/karelics_vesc_can_driver' returned '0': CMAKE_PREFIX_PATH=/opt/ros/foxy /usr/bin/cmake --build /home/mart/dev/karelics_vesc_ros2/src/karelics_vesc_can_driver/build/karelics_vesc_can_driver -- -j12 -l12
[3.273s] Invoking command in '/home/mart/dev/karelics_vesc_ros2/src/karelics_vesc_can_driver/build/karelics_vesc_can_driver': CMAKE_PREFIX_PATH=/opt/ros/foxy /usr/bin/cmake --install /home/mart/dev/karelics_vesc_ros2/src/karelics_vesc_can_driver/build/karelics_vesc_can_driver
[3.279s] -- Install configuration: ""
[3.279s] -- Installing: /home/mart/dev/karelics_vesc_ros2/src/karelics_vesc_can_driver/install/karelics_vesc_can_driver/share/ament_index/resource_index/rosidl_interfaces/karelics_vesc_can_driver
[3.279s] -- Installing: /home/mart/dev/karelics_vesc_ros2/src/karelics_vesc_can_driver/install/karelics_vesc_can_driver/include/karelics_vesc_can_driver
[3.279s] -- Installing: /home/mart/dev/karelics_vesc_ros2/src/karelics_vesc_can_driver/install/karelics_vesc_can_driver/include/karelics_vesc_can_driver/msg
[3.279s] -- Installing: /home/mart/dev/karelics_vesc_ros2/src/karelics_vesc_can_driver/install/karelics_vesc_can_driver/include/karelics_vesc_can_driver/msg/detail
[3.279s] -- Installing: /home/mart/dev/karelics_vesc_ros2/src/karelics_vesc_can_driver/install/karelics_vesc_can_driver/include/karelics_vesc_can_driver/msg/detail/vesc_status__struct.h
[3.280s] -- Installing: /home/mart/dev/karelics_vesc_ros2/src/karelics_vesc_can_driver/install/karelics_vesc_can_driver/include/karelics_vesc_can_driver/msg/detail/vesc_status__type_support.h
[3.280s] -- Installing: /home/mart/dev/karelics_vesc_ros2/src/karelics_vesc_can_driver/install/karelics_vesc_can_driver/include/karelics_vesc_can_driver/msg/detail/vesc_status__functions.h
[3.280s] -- Installing: /home/mart/dev/karelics_vesc_ros2/src/karelics_vesc_can_driver/install/karelics_vesc_can_driver/include/karelics_vesc_can_driver/msg/detail/vesc_status__functions.c
[3.280s] -- Installing: /home/mart/dev/karelics_vesc_ros2/src/karelics_vesc_can_driver/install/karelics_vesc_can_driver/include/karelics_vesc_can_driver/msg/rosidl_generator_c__visibility_control.h
[3.280s] -- Installing: /home/mart/dev/karelics_vesc_ros2/src/karelics_vesc_can_driver/install/karelics_vesc_can_driver/include/karelics_vesc_can_driver/msg/vesc_status.h
[3.280s] -- Installing: /home/mart/dev/karelics_vesc_ros2/src/karelics_vesc_can_driver/install/karelics_vesc_can_driver/share/karelics_vesc_can_driver/environment/library_path.sh
[3.280s] -- Installing: /home/mart/dev/karelics_vesc_ros2/src/karelics_vesc_can_driver/install/karelics_vesc_can_driver/share/karelics_vesc_can_driver/environment/library_path.dsv
[3.280s] -- Installing: /home/mart/dev/karelics_vesc_ros2/src/karelics_vesc_can_driver/install/karelics_vesc_can_driver/lib/libkarelics_vesc_can_driver__rosidl_generator_c.so
[3.280s] -- Set runtime path of "/home/mart/dev/karelics_vesc_ros2/src/karelics_vesc_can_driver/install/karelics_vesc_can_driver/lib/libkarelics_vesc_can_driver__rosidl_generator_c.so" to ""
[3.280s] -- Up-to-date: /home/mart/dev/karelics_vesc_ros2/src/karelics_vesc_can_driver/install/karelics_vesc_can_driver/include/karelics_vesc_can_driver
[3.280s] -- Up-to-date: /home/mart/dev/karelics_vesc_ros2/src/karelics_vesc_can_driver/install/karelics_vesc_can_driver/include/karelics_vesc_can_driver/msg
[3.280s] -- Up-to-date: /home/mart/dev/karelics_vesc_ros2/src/karelics_vesc_can_driver/install/karelics_vesc_can_driver/include/karelics_vesc_can_driver/msg/detail
[3.280s] -- Installing: /home/mart/dev/karelics_vesc_ros2/src/karelics_vesc_can_driver/install/karelics_vesc_can_driver/include/karelics_vesc_can_driver/msg/detail/vesc_status__rosidl_typesupport_fastrtps_c.h
[3.281s] -- Installing: /home/mart/dev/karelics_vesc_ros2/src/karelics_vesc_can_driver/install/karelics_vesc_can_driver/include/karelics_vesc_can_driver/msg/rosidl_typesupport_fastrtps_c__visibility_control.h
[3.281s] -- Installing: /home/mart/dev/karelics_vesc_ros2/src/karelics_vesc_can_driver/install/karelics_vesc_can_driver/lib/libkarelics_vesc_can_driver__rosidl_typesupport_fastrtps_c.so
[3.281s] -- Set runtime path of "/home/mart/dev/karelics_vesc_ros2/src/karelics_vesc_can_driver/install/karelics_vesc_can_driver/lib/libkarelics_vesc_can_driver__rosidl_typesupport_fastrtps_c.so" to ""
[3.281s] -- Up-to-date: /home/mart/dev/karelics_vesc_ros2/src/karelics_vesc_can_driver/install/karelics_vesc_can_driver/include/karelics_vesc_can_driver
[3.281s] -- Up-to-date: /home/mart/dev/karelics_vesc_ros2/src/karelics_vesc_can_driver/install/karelics_vesc_can_driver/include/karelics_vesc_can_driver/msg
[3.281s] -- Up-to-date: /home/mart/dev/karelics_vesc_ros2/src/karelics_vesc_can_driver/install/karelics_vesc_can_driver/include/karelics_vesc_can_driver/msg/detail
[3.281s] -- Installing: /home/mart/dev/karelics_vesc_ros2/src/karelics_vesc_can_driver/install/karelics_vesc_can_driver/include/karelics_vesc_can_driver/msg/detail/dds_fastrtps
[3.281s] -- Installing: /home/mart/dev/karelics_vesc_ros2/src/karelics_vesc_can_driver/install/karelics_vesc_can_driver/include/karelics_vesc_can_driver/msg/detail/vesc_status__rosidl_typesupport_fastrtps_cpp.hpp
[3.281s] -- Installing: /home/mart/dev/karelics_vesc_ros2/src/karelics_vesc_can_driver/install/karelics_vesc_can_driver/include/karelics_vesc_can_driver/msg/rosidl_typesupport_fastrtps_cpp__visibility_control.h
[3.281s] -- Installing: /home/mart/dev/karelics_vesc_ros2/src/karelics_vesc_can_driver/install/karelics_vesc_can_driver/lib/libkarelics_vesc_can_driver__rosidl_typesupport_fastrtps_cpp.so
[3.281s] -- Set runtime path of "/home/mart/dev/karelics_vesc_ros2/src/karelics_vesc_can_driver/install/karelics_vesc_can_driver/lib/libkarelics_vesc_can_driver__rosidl_typesupport_fastrtps_cpp.so" to ""
[3.281s] -- Up-to-date: /home/mart/dev/karelics_vesc_ros2/src/karelics_vesc_can_driver/install/karelics_vesc_can_driver/include/karelics_vesc_can_driver
[3.281s] -- Up-to-date: /home/mart/dev/karelics_vesc_ros2/src/karelics_vesc_can_driver/install/karelics_vesc_can_driver/include/karelics_vesc_can_driver/msg
[3.281s] -- Up-to-date: /home/mart/dev/karelics_vesc_ros2/src/karelics_vesc_can_driver/install/karelics_vesc_can_driver/include/karelics_vesc_can_driver/msg/detail
[3.282s] -- Installing: /home/mart/dev/karelics_vesc_ros2/src/karelics_vesc_can_driver/install/karelics_vesc_can_driver/include/karelics_vesc_can_driver/msg/detail/vesc_status__type_support.c
[3.282s] -- Installing: /home/mart/dev/karelics_vesc_ros2/src/karelics_vesc_can_driver/install/karelics_vesc_can_driver/include/karelics_vesc_can_driver/msg/detail/vesc_status__rosidl_typesupport_introspection_c.h
[3.282s] -- Installing: /home/mart/dev/karelics_vesc_ros2/src/karelics_vesc_can_driver/install/karelics_vesc_can_driver/include/karelics_vesc_can_driver/msg/rosidl_typesupport_introspection_c__visibility_control.h
[3.282s] -- Installing: /home/mart/dev/karelics_vesc_ros2/src/karelics_vesc_can_driver/install/karelics_vesc_can_driver/lib/libkarelics_vesc_can_driver__rosidl_typesupport_introspection_c.so
[3.282s] -- Set runtime path of "/home/mart/dev/karelics_vesc_ros2/src/karelics_vesc_can_driver/install/karelics_vesc_can_driver/lib/libkarelics_vesc_can_driver__rosidl_typesupport_introspection_c.so" to ""
[3.282s] -- Installing: /home/mart/dev/karelics_vesc_ros2/src/karelics_vesc_can_driver/install/karelics_vesc_can_driver/lib/libkarelics_vesc_can_driver__rosidl_typesupport_c.so
[3.282s] -- Set runtime path of "/home/mart/dev/karelics_vesc_ros2/src/karelics_vesc_can_driver/install/karelics_vesc_can_driver/lib/libkarelics_vesc_can_driver__rosidl_typesupport_c.so" to ""
[3.282s] -- Up-to-date: /home/mart/dev/karelics_vesc_ros2/src/karelics_vesc_can_driver/install/karelics_vesc_can_driver/include/karelics_vesc_can_driver
[3.282s] -- Up-to-date: /home/mart/dev/karelics_vesc_ros2/src/karelics_vesc_can_driver/install/karelics_vesc_can_driver/include/karelics_vesc_can_driver/msg
[3.282s] -- Up-to-date: /home/mart/dev/karelics_vesc_ros2/src/karelics_vesc_can_driver/install/karelics_vesc_can_driver/include/karelics_vesc_can_driver/msg/detail
[3.282s] -- Installing: /home/mart/dev/karelics_vesc_ros2/src/karelics_vesc_can_driver/install/karelics_vesc_can_driver/include/karelics_vesc_can_driver/msg/detail/vesc_status__builder.hpp
[3.282s] -- Installing: /home/mart/dev/karelics_vesc_ros2/src/karelics_vesc_can_driver/install/karelics_vesc_can_driver/include/karelics_vesc_can_driver/msg/detail/vesc_status__struct.hpp
[3.282s] -- Installing: /home/mart/dev/karelics_vesc_ros2/src/karelics_vesc_can_driver/install/karelics_vesc_can_driver/include/karelics_vesc_can_driver/msg/detail/vesc_status__traits.hpp
[3.283s] -- Installing: /home/mart/dev/karelics_vesc_ros2/src/karelics_vesc_can_driver/install/karelics_vesc_can_driver/include/karelics_vesc_can_driver/msg/vesc_status.hpp
[3.283s] -- Up-to-date: /home/mart/dev/karelics_vesc_ros2/src/karelics_vesc_can_driver/install/karelics_vesc_can_driver/include/karelics_vesc_can_driver
[3.283s] -- Up-to-date: /home/mart/dev/karelics_vesc_ros2/src/karelics_vesc_can_driver/install/karelics_vesc_can_driver/include/karelics_vesc_can_driver/msg
[3.283s] -- Up-to-date: /home/mart/dev/karelics_vesc_ros2/src/karelics_vesc_can_driver/install/karelics_vesc_can_driver/include/karelics_vesc_can_driver/msg/detail
[3.283s] -- Installing: /home/mart/dev/karelics_vesc_ros2/src/karelics_vesc_can_driver/install/karelics_vesc_can_driver/include/karelics_vesc_can_driver/msg/detail/vesc_status__type_support.cpp
[3.283s] -- Installing: /home/mart/dev/karelics_vesc_ros2/src/karelics_vesc_can_driver/install/karelics_vesc_can_driver/include/karelics_vesc_can_driver/msg/detail/vesc_status__rosidl_typesupport_introspection_cpp.hpp
[3.283s] -- Installing: /home/mart/dev/karelics_vesc_ros2/src/karelics_vesc_can_driver/install/karelics_vesc_can_driver/lib/libkarelics_vesc_can_driver__rosidl_typesupport_introspection_cpp.so
[3.283s] -- Set runtime path of "/home/mart/dev/karelics_vesc_ros2/src/karelics_vesc_can_driver/install/karelics_vesc_can_driver/lib/libkarelics_vesc_can_driver__rosidl_typesupport_introspection_cpp.so" to ""
[3.283s] -- Installing: /home/mart/dev/karelics_vesc_ros2/src/karelics_vesc_can_driver/install/karelics_vesc_can_driver/lib/libkarelics_vesc_can_driver__rosidl_typesupport_cpp.so
[3.283s] -- Set runtime path of "/home/mart/dev/karelics_vesc_ros2/src/karelics_vesc_can_driver/install/karelics_vesc_can_driver/lib/libkarelics_vesc_can_driver__rosidl_typesupport_cpp.so" to ""
[3.283s] -- Installing: /home/mart/dev/karelics_vesc_ros2/src/karelics_vesc_can_driver/install/karelics_vesc_can_driver/share/karelics_vesc_can_driver/environment/pythonpath.sh
[3.283s] -- Installing: /home/mart/dev/karelics_vesc_ros2/src/karelics_vesc_can_driver/install/karelics_vesc_can_driver/share/karelics_vesc_can_driver/environment/pythonpath.dsv
[3.283s] -- Installing: /home/mart/dev/karelics_vesc_ros2/src/karelics_vesc_can_driver/install/karelics_vesc_can_driver/lib/python3.8/site-packages/karelics_vesc_can_driver/__init__.py
[3.305s] Compiling '/home/mart/dev/karelics_vesc_ros2/src/karelics_vesc_can_driver/install/karelics_vesc_can_driver/lib/python3.8/site-packages/karelics_vesc_can_driver/__init__.py'...
[3.308s] -- Installing: /home/mart/dev/karelics_vesc_ros2/src/karelics_vesc_can_driver/install/karelics_vesc_can_driver/lib/python3.8/site-packages/karelics_vesc_can_driver/msg
[3.308s] -- Installing: /home/mart/dev/karelics_vesc_ros2/src/karelics_vesc_can_driver/install/karelics_vesc_can_driver/lib/python3.8/site-packages/karelics_vesc_can_driver/msg/_vesc_status_s.c
[3.308s] -- Installing: /home/mart/dev/karelics_vesc_ros2/src/karelics_vesc_can_driver/install/karelics_vesc_can_driver/lib/python3.8/site-packages/karelics_vesc_can_driver/msg/__init__.py
[3.308s] -- Installing: /home/mart/dev/karelics_vesc_ros2/src/karelics_vesc_can_driver/install/karelics_vesc_can_driver/lib/python3.8/site-packages/karelics_vesc_can_driver/msg/_vesc_status.py
[3.308s] -- Installing: /home/mart/dev/karelics_vesc_ros2/src/karelics_vesc_can_driver/install/karelics_vesc_can_driver/lib/python3.8/site-packages/karelics_vesc_can_driver/karelics_vesc_can_driver_s__rosidl_typesupport_fastrtps_c.cpython-38-x86_64-linux-gnu.so
[3.309s] -- Set runtime path of "/home/mart/dev/karelics_vesc_ros2/src/karelics_vesc_can_driver/install/karelics_vesc_can_driver/lib/python3.8/site-packages/karelics_vesc_can_driver/karelics_vesc_can_driver_s__rosidl_typesupport_fastrtps_c.cpython-38-x86_64-linux-gnu.so" to ""
[3.309s] -- Installing: /home/mart/dev/karelics_vesc_ros2/src/karelics_vesc_can_driver/install/karelics_vesc_can_driver/lib/python3.8/site-packages/karelics_vesc_can_driver/karelics_vesc_can_driver_s__rosidl_typesupport_introspection_c.cpython-38-x86_64-linux-gnu.so
[3.310s] -- Set runtime path of "/home/mart/dev/karelics_vesc_ros2/src/karelics_vesc_can_driver/install/karelics_vesc_can_driver/lib/python3.8/site-packages/karelics_vesc_can_driver/karelics_vesc_can_driver_s__rosidl_typesupport_introspection_c.cpython-38-x86_64-linux-gnu.so" to ""
[3.310s] -- Installing: /home/mart/dev/karelics_vesc_ros2/src/karelics_vesc_can_driver/install/karelics_vesc_can_driver/lib/python3.8/site-packages/karelics_vesc_can_driver/karelics_vesc_can_driver_s__rosidl_typesupport_c.cpython-38-x86_64-linux-gnu.so
[3.310s] -- Set runtime path of "/home/mart/dev/karelics_vesc_ros2/src/karelics_vesc_can_driver/install/karelics_vesc_can_driver/lib/python3.8/site-packages/karelics_vesc_can_driver/karelics_vesc_can_driver_s__rosidl_typesupport_c.cpython-38-x86_64-linux-gnu.so" to ""
[3.310s] -- Installing: /home/mart/dev/karelics_vesc_ros2/src/karelics_vesc_can_driver/install/karelics_vesc_can_driver/lib/libkarelics_vesc_can_driver__python.so
[3.311s] -- Set runtime path of "/home/mart/dev/karelics_vesc_ros2/src/karelics_vesc_can_driver/install/karelics_vesc_can_driver/lib/libkarelics_vesc_can_driver__python.so" to ""
[3.311s] -- Installing: /home/mart/dev/karelics_vesc_ros2/src/karelics_vesc_can_driver/install/karelics_vesc_can_driver/share/karelics_vesc_can_driver/msg/VescStatus.idl
[3.311s] -- Installing: /home/mart/dev/karelics_vesc_ros2/src/karelics_vesc_can_driver/install/karelics_vesc_can_driver/share/karelics_vesc_can_driver/msg/VescStatus.msg
[3.311s] -- Installing: /home/mart/dev/karelics_vesc_ros2/src/karelics_vesc_can_driver/install/karelics_vesc_can_driver/share/ament_index/resource_index/package_run_dependencies/karelics_vesc_can_driver
[3.311s] -- Installing: /home/mart/dev/karelics_vesc_ros2/src/karelics_vesc_can_driver/install/karelics_vesc_can_driver/share/ament_index/resource_index/parent_prefix_path/karelics_vesc_can_driver
[3.311s] -- Installing: /home/mart/dev/karelics_vesc_ros2/src/karelics_vesc_can_driver/install/karelics_vesc_can_driver/share/karelics_vesc_can_driver/environment/ament_prefix_path.sh
[3.311s] -- Installing: /home/mart/dev/karelics_vesc_ros2/src/karelics_vesc_can_driver/install/karelics_vesc_can_driver/share/karelics_vesc_can_driver/environment/ament_prefix_path.dsv
[3.311s] -- Installing: /home/mart/dev/karelics_vesc_ros2/src/karelics_vesc_can_driver/install/karelics_vesc_can_driver/share/karelics_vesc_can_driver/environment/path.sh
[3.311s] -- Installing: /home/mart/dev/karelics_vesc_ros2/src/karelics_vesc_can_driver/install/karelics_vesc_can_driver/share/karelics_vesc_can_driver/environment/path.dsv
[3.312s] -- Installing: /home/mart/dev/karelics_vesc_ros2/src/karelics_vesc_can_driver/install/karelics_vesc_can_driver/share/karelics_vesc_can_driver/local_setup.bash
[3.312s] -- Installing: /home/mart/dev/karelics_vesc_ros2/src/karelics_vesc_can_driver/install/karelics_vesc_can_driver/share/karelics_vesc_can_driver/local_setup.sh
[3.312s] -- Installing: /home/mart/dev/karelics_vesc_ros2/src/karelics_vesc_can_driver/install/karelics_vesc_can_driver/share/karelics_vesc_can_driver/local_setup.zsh
[3.312s] -- Installing: /home/mart/dev/karelics_vesc_ros2/src/karelics_vesc_can_driver/install/karelics_vesc_can_driver/share/karelics_vesc_can_driver/local_setup.dsv
[3.312s] -- Installing: /home/mart/dev/karelics_vesc_ros2/src/karelics_vesc_can_driver/install/karelics_vesc_can_driver/share/karelics_vesc_can_driver/package.dsv
[3.312s] -- Installing: /home/mart/dev/karelics_vesc_ros2/src/karelics_vesc_can_driver/install/karelics_vesc_can_driver/share/ament_index/resource_index/packages/karelics_vesc_can_driver
[3.312s] -- Installing: /home/mart/dev/karelics_vesc_ros2/src/karelics_vesc_can_driver/install/karelics_vesc_can_driver/share/karelics_vesc_can_driver/cmake/karelics_vesc_can_driver__rosidl_generator_cExport.cmake
[3.312s] -- Installing: /home/mart/dev/karelics_vesc_ros2/src/karelics_vesc_can_driver/install/karelics_vesc_can_driver/share/karelics_vesc_can_driver/cmake/karelics_vesc_can_driver__rosidl_generator_cExport-noconfig.cmake
[3.312s] -- Installing: /home/mart/dev/karelics_vesc_ros2/src/karelics_vesc_can_driver/install/karelics_vesc_can_driver/share/karelics_vesc_can_driver/cmake/karelics_vesc_can_driver__rosidl_typesupport_introspection_cExport.cmake
[3.313s] -- Installing: /home/mart/dev/karelics_vesc_ros2/src/karelics_vesc_can_driver/install/karelics_vesc_can_driver/share/karelics_vesc_can_driver/cmake/karelics_vesc_can_driver__rosidl_typesupport_introspection_cExport-noconfig.cmake
[3.313s] -- Installing: /home/mart/dev/karelics_vesc_ros2/src/karelics_vesc_can_driver/install/karelics_vesc_can_driver/share/karelics_vesc_can_driver/cmake/karelics_vesc_can_driver__rosidl_typesupport_cExport.cmake
[3.313s] -- Installing: /home/mart/dev/karelics_vesc_ros2/src/karelics_vesc_can_driver/install/karelics_vesc_can_driver/share/karelics_vesc_can_driver/cmake/karelics_vesc_can_driver__rosidl_typesupport_cExport-noconfig.cmake
[3.313s] -- Installing: /home/mart/dev/karelics_vesc_ros2/src/karelics_vesc_can_driver/install/karelics_vesc_can_driver/share/karelics_vesc_can_driver/cmake/karelics_vesc_can_driver__rosidl_generator_cppExport.cmake
[3.313s] -- Installing: /home/mart/dev/karelics_vesc_ros2/src/karelics_vesc_can_driver/install/karelics_vesc_can_driver/share/karelics_vesc_can_driver/cmake/karelics_vesc_can_driver__rosidl_typesupport_introspection_cppExport.cmake
[3.313s] -- Installing: /home/mart/dev/karelics_vesc_ros2/src/karelics_vesc_can_driver/install/karelics_vesc_can_driver/share/karelics_vesc_can_driver/cmake/karelics_vesc_can_driver__rosidl_typesupport_introspection_cppExport-noconfig.cmake
[3.313s] -- Installing: /home/mart/dev/karelics_vesc_ros2/src/karelics_vesc_can_driver/install/karelics_vesc_can_driver/share/karelics_vesc_can_driver/cmake/karelics_vesc_can_driver__rosidl_typesupport_cppExport.cmake
[3.313s] -- Installing: /home/mart/dev/karelics_vesc_ros2/src/karelics_vesc_can_driver/install/karelics_vesc_can_driver/share/karelics_vesc_can_driver/cmake/karelics_vesc_can_driver__rosidl_typesupport_cppExport-noconfig.cmake
[3.313s] -- Installing: /home/mart/dev/karelics_vesc_ros2/src/karelics_vesc_can_driver/install/karelics_vesc_can_driver/share/karelics_vesc_can_driver/cmake/rosidl_cmake-extras.cmake
[3.313s] -- Installing: /home/mart/dev/karelics_vesc_ros2/src/karelics_vesc_can_driver/install/karelics_vesc_can_driver/share/karelics_vesc_can_driver/cmake/ament_cmake_export_dependencies-extras.cmake
[3.314s] -- Installing: /home/mart/dev/karelics_vesc_ros2/src/karelics_vesc_can_driver/install/karelics_vesc_can_driver/share/karelics_vesc_can_driver/cmake/ament_cmake_export_libraries-extras.cmake
[3.314s] -- Installing: /home/mart/dev/karelics_vesc_ros2/src/karelics_vesc_can_driver/install/karelics_vesc_can_driver/share/karelics_vesc_can_driver/cmake/ament_cmake_export_targets-extras.cmake
[3.314s] -- Installing: /home/mart/dev/karelics_vesc_ros2/src/karelics_vesc_can_driver/install/karelics_vesc_can_driver/share/karelics_vesc_can_driver/cmake/ament_cmake_export_include_directories-extras.cmake
[3.314s] -- Installing: /home/mart/dev/karelics_vesc_ros2/src/karelics_vesc_can_driver/install/karelics_vesc_can_driver/share/karelics_vesc_can_driver/cmake/rosidl_cmake_export_typesupport_libraries-extras.cmake
[3.314s] -- Installing: /home/mart/dev/karelics_vesc_ros2/src/karelics_vesc_can_driver/install/karelics_vesc_can_driver/share/karelics_vesc_can_driver/cmake/rosidl_cmake_export_typesupport_targets-extras.cmake
[3.314s] -- Installing: /home/mart/dev/karelics_vesc_ros2/src/karelics_vesc_can_driver/install/karelics_vesc_can_driver/share/karelics_vesc_can_driver/cmake/karelics_vesc_can_driverConfig.cmake
[3.314s] -- Installing: /home/mart/dev/karelics_vesc_ros2/src/karelics_vesc_can_driver/install/karelics_vesc_can_driver/share/karelics_vesc_can_driver/cmake/karelics_vesc_can_driverConfig-version.cmake
[3.314s] -- Installing: /home/mart/dev/karelics_vesc_ros2/src/karelics_vesc_can_driver/install/karelics_vesc_can_driver/share/karelics_vesc_can_driver/package.xml
[3.316s] Invoked command in '/home/mart/dev/karelics_vesc_ros2/src/karelics_vesc_can_driver/build/karelics_vesc_can_driver' returned '0': CMAKE_PREFIX_PATH=/opt/ros/foxy /usr/bin/cmake --install /home/mart/dev/karelics_vesc_ros2/src/karelics_vesc_can_driver/build/karelics_vesc_can_driver
