[0.009s] Invoking command in '/home/mart/dev/karelics_vesc_ros2/src/karelics_vesc_can_driver/build/karelics_vesc_can_driver': /usr/bin/cmake /home/mart/dev/karelics_vesc_ros2/src/karelics_vesc_can_driver -DCATKIN_INSTALL_INTO_PREFIX_ROOT=0 -DCMAKE_INSTALL_PREFIX=/home/mart/dev/karelics_vesc_ros2/src/karelics_vesc_can_driver/install/karelics_vesc_can_driver
[0.028s] CMake Error at CMakeLists.txt:10 (find_package):
[0.028s]   By not providing "Findcatkin.cmake" in CMAKE_MODULE_PATH this project has
[0.028s]   asked CMake to find a package configuration file provided by "catkin", but
[0.028s]   CMake did not find one.
[0.028s] 
[0.028s]   Could not find a package configuration file provided by "catkin" with any
[0.028s]   of the following names:
[0.028s] 
[0.028s]     catkinConfig.cmake
[0.028s]     catkin-config.cmake
[0.028s] 
[0.028s]   Add the installation prefix of "catkin" to CMAKE_PREFIX_PATH or set
[0.028s]   "catkin_DIR" to a directory containing one of the above files.  If "catkin"
[0.028s]   provides a separate development package or SDK, be sure it has been
[0.029s]   installed.
[0.029s] 
[0.029s] 
[0.029s] -- Configuring incomplete, errors occurred!
[0.029s] See also "/home/mart/dev/karelics_vesc_ros2/src/karelics_vesc_can_driver/build/karelics_vesc_can_driver/CMakeFiles/CMakeOutput.log".
[0.030s] Invoked command in '/home/mart/dev/karelics_vesc_ros2/src/karelics_vesc_can_driver/build/karelics_vesc_can_driver' returned '1': /usr/bin/cmake /home/mart/dev/karelics_vesc_ros2/src/karelics_vesc_can_driver -DCATKIN_INSTALL_INTO_PREFIX_ROOT=0 -DCMAKE_INSTALL_PREFIX=/home/mart/dev/karelics_vesc_ros2/src/karelics_vesc_can_driver/install/karelics_vesc_can_driver
